[35m[1mConsolidate compiler generated dependencies of target safety_node[0m
[100%] Built target safety_node
[100%] Built target ament_cmake_python_symlink_safety_node_setup
failed to create symbolic link '/home/bentoaz/f1tenth_experimental_ws/build/safety_node/ament_cmake_python/safety_node/safety_node' because existing path cannot be removed: Is a directory
gmake[2]: *** [CMakeFiles/ament_cmake_python_symlink_safety_node.dir/build.make:70: CMakeFiles/ament_cmake_python_symlink_safety_node] Error 1
gmake[1]: *** [CMakeFiles/Makefile2:167: CMakeFiles/ament_cmake_python_symlink_safety_node.dir/all] Error 2
gmake[1]: *** Waiting for unfinished jobs....
gmake: *** [Makefile:146: all] Error 2
