[0.332s] Invoking command in '/home/bentoaz/f1tenth_experimental_ws/build/safety_node': CMAKE_PREFIX_PATH=${CMAKE_PREFIX_PATH}:/home/bentoaz/f1tenth_gym_ros/install/f1tenth_gym_ros:/home/bentoaz/autoware/install/autoware_carla_interface:/home/bentoaz/autoware/install/ros2agnocast:/home/bentoaz/autoware/install/autoware_adapi_visualizers:/opt/ros/humble /usr/bin/cmake --build /home/bentoaz/f1tenth_experimental_ws/build/safety_node -- -j16 -l16
[0.620s] [35m[1mConsolidate compiler generated dependencies of target safety_node[0m
[0.621s] [100%] Built target safety_node
[0.621s] [100%] Built target ament_cmake_python_symlink_safety_node_setup
[0.621s] failed to create symbolic link '/home/bentoaz/f1tenth_experimental_ws/build/safety_node/ament_cmake_python/safety_node/safety_node' because existing path cannot be removed: Is a directory
[0.621s] gmake[2]: *** [CMakeFiles/ament_cmake_python_symlink_safety_node.dir/build.make:70: CMakeFiles/ament_cmake_python_symlink_safety_node] Error 1
[0.621s] gmake[1]: *** [CMakeFiles/Makefile2:167: CMakeFiles/ament_cmake_python_symlink_safety_node.dir/all] Error 2
[0.621s] gmake[1]: *** Waiting for unfinished jobs....
[0.621s] gmake: *** [Makefile:146: all] Error 2
[0.631s] Invoked command in '/home/bentoaz/f1tenth_experimental_ws/build/safety_node' returned '2': CMAKE_PREFIX_PATH=${CMAKE_PREFIX_PATH}:/home/bentoaz/f1tenth_gym_ros/install/f1tenth_gym_ros:/home/bentoaz/autoware/install/autoware_carla_interface:/home/bentoaz/autoware/install/ros2agnocast:/home/bentoaz/autoware/install/autoware_adapi_visualizers:/opt/ros/humble /usr/bin/cmake --build /home/bentoaz/f1tenth_experimental_ws/build/safety_node -- -j16 -l16
