[0.325s] Invoking command in '/home/bentoaz/f1tenth_experimental_ws/build/scan_matching': CMAKE_PREFIX_PATH=${CMAKE_PREFIX_PATH}:/home/bentoaz/f1tenth_gym_ros/install/f1tenth_gym_ros:/home/bentoaz/autoware/install/autoware_carla_interface:/home/bentoaz/autoware/install/ros2agnocast:/home/bentoaz/autoware/install/autoware_adapi_visualizers:/opt/ros/humble /usr/bin/cmake --build /home/bentoaz/f1tenth_experimental_ws/build/scan_matching -- -j16 -l16
[0.609s] [35m[1mConsolidate compiler generated dependencies of target scanmatch_node[0m
[0.609s] [  0%] Built target ament_cmake_python_symlink_scan_matching_setup
[0.609s] [ 20%] [32m[1mLinking CXX executable scanmatch_node[0m
[0.609s] failed to create symbolic link '/home/bentoaz/f1tenth_experimental_ws/build/scan_matching/ament_cmake_python/scan_matching/scan_matching' because existing path cannot be removed: Is a directory
[0.609s] gmake[2]: *** [CMakeFiles/ament_cmake_python_symlink_scan_matching.dir/build.make:70: CMakeFiles/ament_cmake_python_symlink_scan_matching] Error 1
[0.609s] gmake[1]: *** [CMakeFiles/Makefile2:167: CMakeFiles/ament_cmake_python_symlink_scan_matching.dir/all] Error 2
[0.609s] gmake[1]: *** Waiting for unfinished jobs....
[0.904s] [100%] Built target scanmatch_node
[0.905s] gmake: *** [Makefile:146: all] Error 2
