[35m[1mConsolidate compiler generated dependencies of target local_planner_msgs__rosidl_generator_c[0m
[ 10%] Built target local_planner_msgs__rosidl_generator_c
[ 12%] Built target local_planner_msgs__cpp
failed to create symbolic link '/home/bentoaz/f1tenth_experimental_ws/build/local_planner_msgs/ament_cmake_python/local_planner_msgs/local_planner_msgs' because existing path cannot be removed: Is a directory
gmake[2]: *** [CMakeFiles/ament_cmake_python_symlink_local_planner_msgs.dir/build.make:70: CMakeFiles/ament_cmake_python_symlink_local_planner_msgs] Error 1
gmake[1]: *** [CMakeFiles/Makefile2:421: CMakeFiles/ament_cmake_python_symlink_local_planner_msgs.dir/all] Error 2
gmake[1]: *** Waiting for unfinished jobs....
[35m[1mConsolidate compiler generated dependencies of target local_planner_msgs__rosidl_typesupport_fastrtps_c[0m
[35m[1mConsolidate compiler generated dependencies of target local_planner_msgs__rosidl_typesupport_c[0m
[35m[1mConsolidate compiler generated dependencies of target local_planner_msgs__rosidl_typesupport_introspection_c[0m
[35m[1mConsolidate compiler generated dependencies of target local_planner_msgs__rosidl_typesupport_introspection_cpp[0m
[ 41%] Built target local_planner_msgs__rosidl_typesupport_c
[ 41%] Built target local_planner_msgs__rosidl_typesupport_introspection_c
[ 43%] Built target local_planner_msgs__rosidl_typesupport_fastrtps_c
[ 53%] Built target local_planner_msgs__rosidl_typesupport_introspection_cpp
gmake: *** [Makefile:146: all] Error 2
