[0.027s] Invoking command in '/home/bentoaz/f1tenth_experimental_ws/build/local_planner_msgs': CMAKE_PREFIX_PATH=${CMAKE_PREFIX_PATH}:/home/bentoaz/f1tenth_gym_ros/install/f1tenth_gym_ros:/home/bentoaz/autoware/install/autoware_carla_interface:/home/bentoaz/autoware/install/ros2agnocast:/home/bentoaz/autoware/install/autoware_adapi_visualizers:/opt/ros/humble /usr/bin/cmake --build /home/bentoaz/f1tenth_experimental_ws/build/local_planner_msgs -- -j16 -l16
[0.117s] [35m[1mConsolidate compiler generated dependencies of target local_planner_msgs__rosidl_generator_c[0m
[0.149s] [ 10%] Built target local_planner_msgs__rosidl_generator_c
[0.149s] [ 12%] Built target local_planner_msgs__cpp
[0.152s] failed to create symbolic link '/home/bentoaz/f1tenth_experimental_ws/build/local_planner_msgs/ament_cmake_python/local_planner_msgs/local_planner_msgs' because existing path cannot be removed: Is a directory
[0.153s] gmake[2]: *** [CMakeFiles/ament_cmake_python_symlink_local_planner_msgs.dir/build.make:70: CMakeFiles/ament_cmake_python_symlink_local_planner_msgs] Error 1
[0.153s] gmake[1]: *** [CMakeFiles/Makefile2:421: CMakeFiles/ament_cmake_python_symlink_local_planner_msgs.dir/all] Error 2
[0.153s] gmake[1]: *** Waiting for unfinished jobs....
[0.179s] [35m[1mConsolidate compiler generated dependencies of target local_planner_msgs__rosidl_typesupport_fastrtps_c[0m
[0.181s] [35m[1mConsolidate compiler generated dependencies of target local_planner_msgs__rosidl_typesupport_c[0m
[0.188s] [35m[1mConsolidate compiler generated dependencies of target local_planner_msgs__rosidl_typesupport_introspection_c[0m
[0.189s] [35m[1mConsolidate compiler generated dependencies of target local_planner_msgs__rosidl_typesupport_introspection_cpp[0m
[0.217s] [ 41%] Built target local_planner_msgs__rosidl_typesupport_c
[0.217s] [ 41%] Built target local_planner_msgs__rosidl_typesupport_introspection_c
[0.217s] [ 43%] Built target local_planner_msgs__rosidl_typesupport_fastrtps_c
[0.222s] [ 53%] Built target local_planner_msgs__rosidl_typesupport_introspection_cpp
[0.224s] gmake: *** [Makefile:146: all] Error 2
[0.226s] Invoked command in '/home/bentoaz/f1tenth_experimental_ws/build/local_planner_msgs' returned '2': CMAKE_PREFIX_PATH=${CMAKE_PREFIX_PATH}:/home/bentoaz/f1tenth_gym_ros/install/f1tenth_gym_ros:/home/bentoaz/autoware/install/autoware_carla_interface:/home/bentoaz/autoware/install/ros2agnocast:/home/bentoaz/autoware/install/autoware_adapi_visualizers:/opt/ros/humble /usr/bin/cmake --build /home/bentoaz/f1tenth_experimental_ws/build/local_planner_msgs -- -j16 -l16
