[0.354s] Invoking command in '/home/bentoaz/f1tenth_experimental_ws/build/pure_pursuit': CMAKE_PREFIX_PATH=${CMAKE_PREFIX_PATH}:/home/bentoaz/f1tenth_experimental_ws/install/stanley_avoidance:/home/bentoaz/f1tenth_experimental_ws/install/particle_filter:/home/bentoaz/f1tenth_experimental_ws/install/local_planner:/home/bentoaz/f1tenth_gym_ros/install/f1tenth_gym_ros:/home/bentoaz/autoware/install/autoware_carla_interface:/home/bentoaz/autoware/install/ros2agnocast:/home/bentoaz/autoware/install/autoware_adapi_visualizers:/opt/ros/humble /usr/bin/cmake --build /home/bentoaz/f1tenth_experimental_ws/build/pure_pursuit -- -j16 -l16
[0.714s] [35m[1mConsolidate compiler generated dependencies of target pure_pursuit[0m
[0.714s] [ 50%] Built target waypoint_visualizer
[0.714s] [ 75%] [32mBuilding CXX object CMakeFiles/pure_pursuit.dir/src/pure_pursuit.cpp.o[0m
[2.975s] [01m[K/home/bentoaz/f1tenth_experimental_ws/src/pure_pursuit/src/pure_pursuit.cpp:32:1:[m[K [01;31m[Kerror: [m[Kextra qualification â€˜[01m[KPurePursuit::[m[Kâ€™ on member â€˜[01m[KPurePursuit[m[Kâ€™ [[01;31m[K]8;;https://gcc.gnu.org/onlinedocs/gcc/Warning-Options.html#index-fpermissive-fpermissive]8;;[m[K]
[2.975s]    32 | [01;31m[KPurePursuit[m[K::PurePursuit() : Node("pure_pursuit_node") {
[2.975s]       | [01;31m[K^~~~~~~~~~~[m[K
[2.975s] [01m[K/home/bentoaz/f1tenth_experimental_ws/src/pure_pursuit/src/pure_pursuit.cpp:32:1:[m[K [01;31m[Kerror: [m[Kâ€˜[01m[KPurePursuit::PurePursuit()[m[Kâ€™ cannot be overloaded with â€˜[01m[KPurePursuit::PurePursuit()[m[Kâ€™
[2.975s] In file included from [01m[K/home/bentoaz/f1tenth_experimental_ws/src/pure_pursuit/src/pure_pursuit.cpp:1[m[K:
[2.975s] [01m[K/home/bentoaz/f1tenth_experimental_ws/src/pure_pursuit/include/pure_pursuit.hpp:42:5:[m[K [01;36m[Knote: [m[Kprevious declaration â€˜[01m[KPurePursuit::PurePursuit()[m[Kâ€™
[2.976s]    42 |     [01;36m[KPurePursuit[m[K();
[2.976s]       |     [01;36m[K^~~~~~~~~~~[m[K
[2.976s] [01m[K/home/bentoaz/f1tenth_experimental_ws/src/pure_pursuit/src/pure_pursuit.cpp:107:6:[m[K [01;31m[Kerror: [m[Kextra qualification â€˜[01m[KPurePursuit::[m[Kâ€™ on member â€˜[01m[Kpause_callback[m[Kâ€™ [[01;31m[K]8;;https://gcc.gnu.org/onlinedocs/gcc/Warning-Options.html#index-fpermissive-fpermissive]8;;[m[K]
[2.976s]   107 | void [01;31m[KPurePursuit[m[K::pause_callback(std_msgs::msg::Bool::SharedPtr msg){
[2.976s]       |      [01;31m[K^~~~~~~~~~~[m[K
[2.976s] [01m[K/home/bentoaz/f1tenth_experimental_ws/src/pure_pursuit/src/pure_pursuit.cpp:107:6:[m[K [01;31m[Kerror: [m[Kâ€˜[01m[Kvoid PurePursuit::pause_callback(std_msgs::msg::Bool_<std::allocator<void> >::SharedPtr)[m[Kâ€™ cannot be overloaded with â€˜[01m[Kvoid PurePursuit::pause_callback(std_msgs::msg::Bool_<std::allocator<void> >::SharedPtr)[m[Kâ€™
[2.976s] In file included from [01m[K/home/bentoaz/f1tenth_experimental_ws/src/pure_pursuit/src/pure_pursuit.cpp:1[m[K:
[2.976s] [01m[K/home/bentoaz/f1tenth_experimental_ws/src/pure_pursuit/include/pure_pursuit.hpp:141:10:[m[K [01;36m[Knote: [m[Kprevious declaration â€˜[01m[Kvoid PurePursuit::pause_callback(std_msgs::msg::Bool_<std::allocator<void> >::SharedPtr)[m[Kâ€™
[2.976s]   141 |     void [01;36m[Kpause_callback[m[K(std_msgs::msg::Bool::SharedPtr msg){
[2.976s]       |          [01;36m[K^~~~~~~~~~~~~~[m[K
[2.976s] [01m[K/home/bentoaz/f1tenth_experimental_ws/src/pure_pursuit/src/pure_pursuit.cpp:120:6:[m[K [01;31m[Kerror: [m[Kextra qualification â€˜[01m[KPurePursuit::[m[Kâ€™ on member â€˜[01m[Kselected_waypoints_callback[m[Kâ€™ [[01;31m[K]8;;https://gcc.gnu.org/onlinedocs/gcc/Warning-Options.html#index-fpermissive-fpermissive]8;;[m[K]
[2.977s]   120 | void [01;31m[KPurePursuit[m[K::selected_waypoints_callback(const nav_msgs::msg::Path::SharedPtr path_msg){
[2.977s]       |      [01;31m[K^~~~~~~~~~~[m[K
[2.977s] [01m[K/home/bentoaz/f1tenth_experimental_ws/src/pure_pursuit/src/pure_pursuit.cpp:120:6:[m[K [01;31m[Kerror: [m[Kâ€˜[01m[Kvoid PurePursuit::selected_waypoints_callback(nav_msgs::msg::Path_<std::allocator<void> >::SharedPtr)[m[Kâ€™ cannot be overloaded with â€˜[01m[Kvoid PurePursuit::selected_waypoints_callback(nav_msgs::msg::Path_<std::allocator<void> >::SharedPtr)[m[Kâ€™
[2.977s] In file included from [01m[K/home/bentoaz/f1tenth_experimental_ws/src/pure_pursuit/src/pure_pursuit.cpp:1[m[K:
[2.977s] [01m[K/home/bentoaz/f1tenth_experimental_ws/src/pure_pursuit/include/pure_pursuit.hpp:139:10:[m[K [01;36m[Knote: [m[Kprevious declaration â€˜[01m[Kvoid PurePursuit::selected_waypoints_callback(nav_msgs::msg::Path_<std::allocator<void> >::SharedPtr)[m[Kâ€™
[2.977s]   139 |     void [01;36m[Kselected_waypoints_callback[m[K(const nav_msgs::msg::Path::SharedPtr path_msg);
[2.977s]       |          [01;36m[K^~~~~~~~~~~~~~~~~~~~~~~~~~~[m[K
[2.977s] [01m[K/home/bentoaz/f1tenth_experimental_ws/src/pure_pursuit/src/pure_pursuit.cpp:167:6:[m[K [01;31m[Kerror: [m[Kextra qualification â€˜[01m[KPurePursuit::[m[Kâ€™ on member â€˜[01m[Kspeed_command_callback[m[Kâ€™ [[01;31m[K]8;;https://gcc.gnu.org/onlinedocs/gcc/Warning-Options.html#index-fpermissive-fpermissive]8;;[m[K]
[2.977s]   167 | void [01;31m[KPurePursuit[m[K::speed_command_callback(const std_msgs::msg::Float64::ConstSharedPtr msg) {
[2.977s]       |      [01;31m[K^~~~~~~~~~~[m[K
[2.977s] [01m[K/home/bentoaz/f1tenth_experimental_ws/src/pure_pursuit/src/pure_pursuit.cpp:167:6:[m[K [01;31m[Kerror: [m[Kâ€˜[01m[Kvoid PurePursuit::speed_command_callback(std_msgs::msg::Float64_<std::allocator<void> >::ConstSharedPtr)[m[Kâ€™ cannot be overloaded with â€˜[01m[Kvoid PurePursuit::speed_command_callback(std_msgs::msg::Float64_<std::allocator<void> >::ConstSharedPtr)[m[Kâ€™
[2.977s] In file included from [01m[K/home/bentoaz/f1tenth_experimental_ws/src/pure_pursuit/src/pure_pursuit.cpp:1[m[K:
[2.978s] [01m[K/home/bentoaz/f1tenth_experimental_ws/src/pure_pursuit/include/pure_pursuit.hpp:140:10:[m[K [01;36m[Knote: [m[Kprevious declaration â€˜[01m[Kvoid PurePursuit::speed_command_callback(std_msgs::msg::Float64_<std::allocator<void> >::ConstSharedPtr)[m[Kâ€™
[2.978s]   140 |     void [01;36m[Kspeed_command_callback[m[K(const std_msgs::msg::Float64::ConstSharedPtr msg);
[2.978s]       |          [01;36m[K^~~~~~~~~~~~~~~~~~~~~~[m[K
[2.978s] [01m[K/home/bentoaz/f1tenth_experimental_ws/src/pure_pursuit/src/pure_pursuit.cpp:178:8:[m[K [01;31m[Kerror: [m[Kextra qualification â€˜[01m[KPurePursuit::[m[Kâ€™ on member â€˜[01m[Kto_radians[m[Kâ€™ [[01;31m[K]8;;https://gcc.gnu.org/onlinedocs/gcc/Warning-Options.html#index-fpermissive-fpermissive]8;;[m[K]
[2.978s]   178 | double [01;31m[KPurePursuit[m[K::to_radians(double degrees) {
[2.978s]       |        [01;31m[K^~~~~~~~~~~[m[K
[2.978s] [01m[K/home/bentoaz/f1tenth_experimental_ws/src/pure_pursuit/src/pure_pursuit.cpp:178:8:[m[K [01;31m[Kerror: [m[Kâ€˜[01m[Kdouble PurePursuit::to_radians(double)[m[Kâ€™ cannot be overloaded with â€˜[01m[Kdouble PurePursuit::to_radians(double)[m[Kâ€™
[2.978s] In file included from [01m[K/home/bentoaz/f1tenth_experimental_ws/src/pure_pursuit/src/pure_pursuit.cpp:1[m[K:
[2.978s] [01m[K/home/bentoaz/f1tenth_experimental_ws/src/pure_pursuit/include/pure_pursuit.hpp:108:12:[m[K [01;36m[Knote: [m[Kprevious declaration â€˜[01m[Kdouble PurePursuit::to_radians(double)[m[Kâ€™
[2.978s]   108 |     double [01;36m[Kto_radians[m[K(double degrees);
[2.978s]       |            [01;36m[K^~~~~~~~~~[m[K
[2.978s] [01m[K/home/bentoaz/f1tenth_experimental_ws/src/pure_pursuit/src/pure_pursuit.cpp:183:8:[m[K [01;31m[Kerror: [m[Kextra qualification â€˜[01m[KPurePursuit::[m[Kâ€™ on member â€˜[01m[Kto_degrees[m[Kâ€™ [[01;31m[K]8;;https://gcc.gnu.org/onlinedocs/gcc/Warning-Options.html#index-fpermissive-fpermissive]8;;[m[K]
[2.978s]   183 | double [01;31m[KPurePursuit[m[K::to_degrees(double radians) {
[2.978s]       |        [01;31m[K^~~~~~~~~~~[m[K
[2.979s] [01m[K/home/bentoaz/f1tenth_experimental_ws/src/pure_pursuit/src/pure_pursuit.cpp:183:8:[m[K [01;31m[Kerror: [m[Kâ€˜[01m[Kdouble PurePursuit::to_degrees(double)[m[Kâ€™ cannot be overloaded with â€˜[01m[Kdouble PurePursuit::to_degrees(double)[m[Kâ€™
[2.979s] In file included from [01m[K/home/bentoaz/f1tenth_experimental_ws/src/pure_pursuit/src/pure_pursuit.cpp:1[m[K:
[2.979s] [01m[K/home/bentoaz/f1tenth_experimental_ws/src/pure_pursuit/include/pure_pursuit.hpp:109:12:[m[K [01;36m[Knote: [m[Kprevious declaration â€˜[01m[Kdouble PurePursuit::to_degrees(double)[m[Kâ€™
[2.979s]   109 |     double [01;36m[Kto_degrees[m[K(double radians);
[2.979s]       |            [01;36m[K^~~~~~~~~~[m[K
[2.979s] [01m[K/home/bentoaz/f1tenth_experimental_ws/src/pure_pursuit/src/pure_pursuit.cpp:188:8:[m[K [01;31m[Kerror: [m[Kextra qualification â€˜[01m[KPurePursuit::[m[Kâ€™ on member â€˜[01m[Kp2pdist[m[Kâ€™ [[01;31m[K]8;;https://gcc.gnu.org/onlinedocs/gcc/Warning-Options.html#index-fpermissive-fpermissive]8;;[m[K]
[2.979s]   188 | double [01;31m[KPurePursuit[m[K::p2pdist(double &x1, double &x2, double &y1, double &y2) {
[2.979s]       |        [01;31m[K^~~~~~~~~~~[m[K
[2.979s] [01m[K/home/bentoaz/f1tenth_experimental_ws/src/pure_pursuit/src/pure_pursuit.cpp:188:8:[m[K [01;31m[Kerror: [m[Kâ€˜[01m[Kdouble PurePursuit::p2pdist(double&, double&, double&, double&)[m[Kâ€™ cannot be overloaded with â€˜[01m[Kdouble PurePursuit::p2pdist(double&, double&, double&, double&)[m[Kâ€™
[2.979s] In file included from [01m[K/home/bentoaz/f1tenth_experimental_ws/src/pure_pursuit/src/pure_pursuit.cpp:1[m[K:
[2.979s] [01m[K/home/bentoaz/f1tenth_experimental_ws/src/pure_pursuit/include/pure_pursuit.hpp:110:12:[m[K [01;36m[Knote: [m[Kprevious declaration â€˜[01m[Kdouble PurePursuit::p2pdist(double&, double&, double&, double&)[m[Kâ€™
[2.979s]   110 |     double [01;36m[Kp2pdist[m[K(double &x1, double &x2, double &y1, double &y2);
[2.979s]       |            [01;36m[K^~~~~~~[m[K
[2.979s] [01m[K/home/bentoaz/f1tenth_experimental_ws/src/pure_pursuit/src/pure_pursuit.cpp:193:6:[m[K [01;31m[Kerror: [m[Kextra qualification â€˜[01m[KPurePursuit::[m[Kâ€™ on member â€˜[01m[Kload_waypoints[m[Kâ€™ [[01;31m[K]8;;https://gcc.gnu.org/onlinedocs/gcc/Warning-Options.html#index-fpermissive-fpermissive]8;;[m[K]
[2.979s]   193 | void [01;31m[KPurePursuit[m[K::load_waypoints() {
[2.980s]       |      [01;31m[K^~~~~~~~~~~[m[K
[2.980s] [01m[K/home/bentoaz/f1tenth_experimental_ws/src/pure_pursuit/src/pure_pursuit.cpp:193:6:[m[K [01;31m[Kerror: [m[Kâ€˜[01m[Kvoid PurePursuit::load_waypoints()[m[Kâ€™ cannot be overloaded with â€˜[01m[Kvoid PurePursuit::load_waypoints()[m[Kâ€™
[2.980s] In file included from [01m[K/home/bentoaz/f1tenth_experimental_ws/src/pure_pursuit/src/pure_pursuit.cpp:1[m[K:
[2.980s] [01m[K/home/bentoaz/f1tenth_experimental_ws/src/pure_pursuit/include/pure_pursuit.hpp:112:10:[m[K [01;36m[Knote: [m[Kprevious declaration â€˜[01m[Kvoid PurePursuit::load_waypoints()[m[Kâ€™
[2.980s]   112 |     void [01;36m[Kload_waypoints[m[K();
[2.980s]       |          [01;36m[K^~~~~~~~~~~~~~[m[K
[2.980s] [01m[K/home/bentoaz/f1tenth_experimental_ws/src/pure_pursuit/src/pure_pursuit.cpp:244:6:[m[K [01;31m[Kerror: [m[Kextra qualification â€˜[01m[KPurePursuit::[m[Kâ€™ on member â€˜[01m[Kvisualize_lookahead_point[m[Kâ€™ [[01;31m[K]8;;https://gcc.gnu.org/onlinedocs/gcc/Warning-Options.html#index-fpermissive-fpermissive]8;;[m[K]
[2.980s]   244 | void [01;31m[KPurePursuit[m[K::visualize_lookahead_point(Eigen::Vector3d &point) {
[2.980s]       |      [01;31m[K^~~~~~~~~~~[m[K
[2.980s] [01m[K/home/bentoaz/f1tenth_experimental_ws/src/pure_pursuit/src/pure_pursuit.cpp:244:6:[m[K [01;31m[Kerror: [m[Kâ€˜[01m[Kvoid PurePursuit::visualize_lookahead_point(Eigen::Vector3d&)[m[Kâ€™ cannot be overloaded with â€˜[01m[Kvoid PurePursuit::visualize_lookahead_point(Eigen::Vector3d&)[m[Kâ€™
[2.980s] In file included from [01m[K/home/bentoaz/f1tenth_experimental_ws/src/pure_pursuit/src/pure_pursuit.cpp:1[m[K:
[2.980s] [01m[K/home/bentoaz/f1tenth_experimental_ws/src/pure_pursuit/include/pure_pursuit.hpp:114:10:[m[K [01;36m[Knote: [m[Kprevious declaration â€˜[01m[Kvoid PurePursuit::visualize_lookahead_point(Eigen::Vector3d&)[m[Kâ€™
[2.980s]   114 |     void [01;36m[Kvisualize_lookahead_point[m[K(Eigen::Vector3d &point);
[2.980s]       |          [01;36m[K^~~~~~~~~~~~~~~~~~~~~~~~~[m[K
[2.980s] [01m[K/home/bentoaz/f1tenth_experimental_ws/src/pure_pursuit/src/pure_pursuit.cpp:262:6:[m[K [01;31m[Kerror: [m[Kextra qualification â€˜[01m[KPurePursuit::[m[Kâ€™ on member â€˜[01m[Kvisualize_current_point[m[Kâ€™ [[01;31m[K]8;;https://gcc.gnu.org/onlinedocs/gcc/Warning-Options.html#index-fpermissive-fpermissive]8;;[m[K]
[2.980s]   262 | void [01;31m[KPurePursuit[m[K::visualize_current_point(Eigen::Vector3d &point) {
[2.980s]       |      [01;31m[K^~~~~~~~~~~[m[K
[2.980s] [01m[K/home/bentoaz/f1tenth_experimental_ws/src/pure_pursuit/src/pure_pursuit.cpp:262:6:[m[K [01;31m[Kerror: [m[Kâ€˜[01m[Kvoid PurePursuit::visualize_current_point(Eigen::Vector3d&)[m[Kâ€™ cannot be overloaded with â€˜[01m[Kvoid PurePursuit::visualize_current_point(Eigen::Vector3d&)[m[Kâ€™
[2.980s] In file included from [01m[K/home/bentoaz/f1tenth_experimental_ws/src/pure_pursuit/src/pure_pursuit.cpp:1[m[K:
[2.980s] [01m[K/home/bentoaz/f1tenth_experimental_ws/src/pure_pursuit/include/pure_pursuit.hpp:115:10:[m[K [01;36m[Knote: [m[Kprevious declaration â€˜[01m[Kvoid PurePursuit::visualize_current_point(Eigen::Vector3d&)[m[Kâ€™
[2.980s]   115 |     void [01;36m[Kvisualize_current_point[m[K(Eigen::Vector3d &point);
[2.980s]       |          [01;36m[K^~~~~~~~~~~~~~~~~~~~~~~[m[K
[2.980s] [01m[K/home/bentoaz/f1tenth_experimental_ws/src/pure_pursuit/src/pure_pursuit.cpp:280:6:[m[K [01;31m[Kerror: [m[Kextra qualification â€˜[01m[KPurePursuit::[m[Kâ€™ on member â€˜[01m[Kget_waypoint[m[Kâ€™ [[01;31m[K]8;;https://gcc.gnu.org/onlinedocs/gcc/Warning-Options.html#index-fpermissive-fpermissive]8;;[m[K]
[2.980s]   280 | void [01;31m[KPurePursuit[m[K::get_waypoint() {
[2.980s]       |      [01;31m[K^~~~~~~~~~~[m[K
[2.980s] [01m[K/home/bentoaz/f1tenth_experimental_ws/src/pure_pursuit/src/pure_pursuit.cpp:280:6:[m[K [01;31m[Kerror: [m[Kâ€˜[01m[Kvoid PurePursuit::get_waypoint()[m[Kâ€™ cannot be overloaded with â€˜[01m[Kvoid PurePursuit::get_waypoint()[m[Kâ€™
[2.980s] In file included from [01m[K/home/bentoaz/f1tenth_experimental_ws/src/pure_pursuit/src/pure_pursuit.cpp:1[m[K:
[2.980s] [01m[K/home/bentoaz/f1tenth_experimental_ws/src/pure_pursuit/include/pure_pursuit.hpp:117:10:[m[K [01;36m[Knote: [m[Kprevious declaration â€˜[01m[Kvoid PurePursuit::get_waypoint()[m[Kâ€™
[2.980s]   117 |     void [01;36m[Kget_waypoint[m[K();
[2.980s]       |          [01;36m[K^~~~~~~~~~~~[m[K
[2.980s] [01m[K/home/bentoaz/f1tenth_experimental_ws/src/pure_pursuit/src/pure_pursuit.cpp:343:6:[m[K [01;31m[Kerror: [m[Kextra qualification â€˜[01m[KPurePursuit::[m[Kâ€™ on member â€˜[01m[Kquat_to_rot[m[Kâ€™ [[01;31m[K]8;;https://gcc.gnu.org/onlinedocs/gcc/Warning-Options.html#index-fpermissive-fpermissive]8;;[m[K]
[2.980s]   343 | void [01;31m[KPurePursuit[m[K::quat_to_rot(double q0, double q1, double q2, double q3) {
[2.980s]       |      [01;31m[K^~~~~~~~~~~[m[K
[2.980s] [01m[K/home/bentoaz/f1tenth_experimental_ws/src/pure_pursuit/src/pure_pursuit.cpp:343:6:[m[K [01;31m[Kerror: [m[Kâ€˜[01m[Kvoid PurePursuit::quat_to_rot(double, double, double, double)[m[Kâ€™ cannot be overloaded with â€˜[01m[Kvoid PurePursuit::quat_to_rot(double, double, double, double)[m[Kâ€™
[2.980s] In file included from [01m[K/home/bentoaz/f1tenth_experimental_ws/src/pure_pursuit/src/pure_pursuit.cpp:1[m[K:
[2.980s] [01m[K/home/bentoaz/f1tenth_experimental_ws/src/pure_pursuit/include/pure_pursuit.hpp:119:10:[m[K [01;36m[Knote: [m[Kprevious declaration â€˜[01m[Kvoid PurePursuit::quat_to_rot(double, double, double, double)[m[Kâ€™
[2.980s]   119 |     void [01;36m[Kquat_to_rot[m[K(double q0, double q1, double q2, double q3);
[2.980s]       |          [01;36m[K^~~~~~~~~~~[m[K
[2.981s] [01m[K/home/bentoaz/f1tenth_experimental_ws/src/pure_pursuit/src/pure_pursuit.cpp:359:6:[m[K [01;31m[Kerror: [m[Kextra qualification â€˜[01m[KPurePursuit::[m[Kâ€™ on member â€˜[01m[Ktransformandinterp_waypoint[m[Kâ€™ [[01;31m[K]8;;https://gcc.gnu.org/onlinedocs/gcc/Warning-Options.html#index-fpermissive-fpermissive]8;;[m[K]
[2.981s]   359 | void [01;31m[KPurePursuit[m[K::transformandinterp_waypoint() {  // pass old waypoint here
[2.981s]       |      [01;31m[K^~~~~~~~~~~[m[K
[2.981s] [01m[K/home/bentoaz/f1tenth_experimental_ws/src/pure_pursuit/src/pure_pursuit.cpp:359:6:[m[K [01;31m[Kerror: [m[Kâ€˜[01m[Kvoid PurePursuit::transformandinterp_waypoint()[m[Kâ€™ cannot be overloaded with â€˜[01m[Kvoid PurePursuit::transformandinterp_waypoint()[m[Kâ€™
[2.981s] In file included from [01m[K/home/bentoaz/f1tenth_experimental_ws/src/pure_pursuit/src/pure_pursuit.cpp:1[m[K:
[2.981s] [01m[K/home/bentoaz/f1tenth_experimental_ws/src/pure_pursuit/include/pure_pursuit.hpp:121:10:[m[K [01;36m[Knote: [m[Kprevious declaration â€˜[01m[Kvoid PurePursuit::transformandinterp_waypoint()[m[Kâ€™
[2.981s]   121 |     void [01;36m[Ktransformandinterp_waypoint[m[K();
[2.981s]       |          [01;36m[K^~~~~~~~~~~~~~~~~~~~~~~~~~~[m[K
[2.981s] [01m[K/home/bentoaz/f1tenth_experimental_ws/src/pure_pursuit/src/pure_pursuit.cpp:384:8:[m[K [01;31m[Kerror: [m[Kextra qualification â€˜[01m[KPurePursuit::[m[Kâ€™ on member â€˜[01m[Kp_controller[m[Kâ€™ [[01;31m[K]8;;https://gcc.gnu.org/onlinedocs/gcc/Warning-Options.html#index-fpermissive-fpermissive]8;;[m[K]
[2.981s]   384 | double [01;31m[KPurePursuit[m[K::p_controller() {
[2.981s]       |        [01;31m[K^~~~~~~~~~~[m[K
[2.981s] [01m[K/home/bentoaz/f1tenth_experimental_ws/src/pure_pursuit/src/pure_pursuit.cpp:384:8:[m[K [01;31m[Kerror: [m[Kâ€˜[01m[Kdouble PurePursuit::p_controller()[m[Kâ€™ cannot be overloaded with â€˜[01m[Kdouble PurePursuit::p_controller()[m[Kâ€™
[2.981s] In file included from [01m[K/home/bentoaz/f1tenth_experimental_ws/src/pure_pursuit/src/pure_pursuit.cpp:1[m[K:
[2.981s] [01m[K/home/bentoaz/f1tenth_experimental_ws/src/pure_pursuit/include/pure_pursuit.hpp:123:12:[m[K [01;36m[Knote: [m[Kprevious declaration â€˜[01m[Kdouble PurePursuit::p_controller()[m[Kâ€™
[2.981s]   123 |     double [01;36m[Kp_controller[m[K();
[2.981s]       |            [01;36m[K^~~~~~~~~~~~[m[K
[2.981s] [01m[K/home/bentoaz/f1tenth_experimental_ws/src/pure_pursuit/src/pure_pursuit.cpp:392:8:[m[K [01;31m[Kerror: [m[Kextra qualification â€˜[01m[KPurePursuit::[m[Kâ€™ on member â€˜[01m[Kget_velocity[m[Kâ€™ [[01;31m[K]8;;https://gcc.gnu.org/onlinedocs/gcc/Warning-Options.html#index-fpermissive-fpermissive]8;;[m[K]
[2.981s]   392 | double [01;31m[KPurePursuit[m[K::get_velocity(double steering_angle) {
[2.981s]       |        [01;31m[K^~~~~~~~~~~[m[K
[2.981s] [01m[K/home/bentoaz/f1tenth_experimental_ws/src/pure_pursuit/src/pure_pursuit.cpp:392:8:[m[K [01;31m[Kerror: [m[Kâ€˜[01m[Kdouble PurePursuit::get_velocity(double)[m[Kâ€™ cannot be overloaded with â€˜[01m[Kdouble PurePursuit::get_velocity(double)[m[Kâ€™
[2.981s] In file included from [01m[K/home/bentoaz/f1tenth_experimental_ws/src/pure_pursuit/src/pure_pursuit.cpp:1[m[K:
[2.981s] [01m[K/home/bentoaz/f1tenth_experimental_ws/src/pure_pursuit/include/pure_pursuit.hpp:125:12:[m[K [01;36m[Knote: [m[Kprevious declaration â€˜[01m[Kdouble PurePursuit::get_velocity(double)[m[Kâ€™
[2.981s]   125 |     double [01;36m[Kget_velocity[m[K(double steering_angle);
[2.981s]       |            [01;36m[K^~~~~~~~~~~~[m[K
[2.981s] [01m[K/home/bentoaz/f1tenth_experimental_ws/src/pure_pursuit/src/pure_pursuit.cpp:410:6:[m[K [01;31m[Kerror: [m[Kextra qualification â€˜[01m[KPurePursuit::[m[Kâ€™ on member â€˜[01m[Kpublish_message[m[Kâ€™ [[01;31m[K]8;;https://gcc.gnu.org/onlinedocs/gcc/Warning-Options.html#index-fpermissive-fpermissive]8;;[m[K]
[2.981s]   410 | void [01;31m[KPurePursuit[m[K::publish_message(double steering_angle) {
[2.981s]       |      [01;31m[K^~~~~~~~~~~[m[K
[2.981s] [01m[K/home/bentoaz/f1tenth_experimental_ws/src/pure_pursuit/src/pure_pursuit.cpp:410:6:[m[K [01;31m[Kerror: [m[Kâ€˜[01m[Kvoid PurePursuit::publish_message(double)[m[Kâ€™ cannot be overloaded with â€˜[01m[Kvoid PurePursuit::publish_message(double)[m[Kâ€™
[2.981s] In file included from [01m[K/home/bentoaz/f1tenth_experimental_ws/src/pure_pursuit/src/pure_pursuit.cpp:1[m[K:
[2.981s] [01m[K/home/bentoaz/f1tenth_experimental_ws/src/pure_pursuit/include/pure_pursuit.hpp:127:10:[m[K [01;36m[Knote: [m[Kprevious declaration â€˜[01m[Kvoid PurePursuit::publish_message(double)[m[Kâ€™
[2.981s]   127 |     void [01;36m[Kpublish_message[m[K(double steering_angle);
[2.981s]       |          [01;36m[K^~~~~~~~~~~~~~~[m[K
[2.981s] [01m[K/home/bentoaz/f1tenth_experimental_ws/src/pure_pursuit/src/pure_pursuit.cpp:425:6:[m[K [01;31m[Kerror: [m[Kextra qualification â€˜[01m[KPurePursuit::[m[Kâ€™ on member â€˜[01m[Kodom_callback[m[Kâ€™ [[01;31m[K]8;;https://gcc.gnu.org/onlinedocs/gcc/Warning-Options.html#index-fpermissive-fpermissive]8;;[m[K]
[2.981s]   425 | void [01;31m[KPurePursuit[m[K::odom_callback(const nav_msgs::msg::Odometry::ConstSharedPtr odom_submsgObj) {
[2.981s]       |      [01;31m[K^~~~~~~~~~~[m[K
[2.981s] [01m[K/home/bentoaz/f1tenth_experimental_ws/src/pure_pursuit/src/pure_pursuit.cpp:425:6:[m[K [01;31m[Kerror: [m[Kâ€˜[01m[Kvoid PurePursuit::odom_callback(nav_msgs::msg::Odometry_<std::allocator<void> >::ConstSharedPtr)[m[Kâ€™ cannot be overloaded with â€˜[01m[Kvoid PurePursuit::odom_callback(nav_msgs::msg::Odometry_<std::allocator<void> >::ConstSharedPtr)[m[Kâ€™
[2.981s] In file included from [01m[K/home/bentoaz/f1tenth_experimental_ws/src/pure_pursuit/src/pure_pursuit.cpp:1[m[K:
[2.981s] [01m[K/home/bentoaz/f1tenth_experimental_ws/src/pure_pursuit/include/pure_pursuit.hpp:129:10:[m[K [01;36m[Knote: [m[Kprevious declaration â€˜[01m[Kvoid PurePursuit::odom_callback(nav_msgs::msg::Odometry_<std::allocator<void> >::ConstSharedPtr)[m[Kâ€™
[2.981s]   129 |     void [01;36m[Kodom_callback[m[K(const nav_msgs::msg::Odometry::ConstSharedPtr odom_submsgObj);
[2.981s]       |          [01;36m[K^~~~~~~~~~~~~[m[K
[2.981s] [01m[K/home/bentoaz/f1tenth_experimental_ws/src/pure_pursuit/src/pure_pursuit.cpp:446:6:[m[K [01;31m[Kerror: [m[Kextra qualification â€˜[01m[KPurePursuit::[m[Kâ€™ on member â€˜[01m[Ktimer_callback[m[Kâ€™ [[01;31m[K]8;;https://gcc.gnu.org/onlinedocs/gcc/Warning-Options.html#index-fpermissive-fpermissive]8;;[m[K]
[2.981s]   446 | void [01;31m[KPurePursuit[m[K::timer_callback() {
[2.981s]       |      [01;31m[K^~~~~~~~~~~[m[K
[2.982s] [01m[K/home/bentoaz/f1tenth_experimental_ws/src/pure_pursuit/src/pure_pursuit.cpp:446:6:[m[K [01;31m[Kerror: [m[Kâ€˜[01m[Kvoid PurePursuit::timer_callback()[m[Kâ€™ cannot be overloaded with â€˜[01m[Kvoid PurePursuit::timer_callback()[m[Kâ€™
[2.982s] In file included from [01m[K/home/bentoaz/f1tenth_experimental_ws/src/pure_pursuit/src/pure_pursuit.cpp:1[m[K:
[2.982s] [01m[K/home/bentoaz/f1tenth_experimental_ws/src/pure_pursuit/include/pure_pursuit.hpp:131:10:[m[K [01;36m[Knote: [m[Kprevious declaration â€˜[01m[Kvoid PurePursuit::timer_callback()[m[Kâ€™
[2.982s]   131 |     void [01;36m[Ktimer_callback[m[K();
[2.982s]       |          [01;36m[K^~~~~~~~~~~~~~[m[K
[2.982s] [01m[K/home/bentoaz/f1tenth_experimental_ws/src/pure_pursuit/src/pure_pursuit.cpp:464:2:[m[K [01;31m[Kerror: [m[Kexpected â€˜[01m[K}[m[Kâ€™ at end of input
[2.982s]   464 | }
[2.982s]       |  [01;31m[K^[m[K
[2.982s] In file included from [01m[K/home/bentoaz/f1tenth_experimental_ws/src/pure_pursuit/src/pure_pursuit.cpp:1[m[K:
[2.982s] [01m[K/home/bentoaz/f1tenth_experimental_ws/src/pure_pursuit/include/pure_pursuit.hpp:40:41:[m[K [01;36m[Knote: [m[Kto match this â€˜[01m[K{[m[Kâ€™
[2.982s]    40 | class PurePursuit : public rclcpp::Node [01;36m[K{[m[K
[2.982s]       |                                         [01;36m[K^[m[K
[2.982s] In file included from [01m[K/home/bentoaz/f1tenth_experimental_ws/src/pure_pursuit/src/pure_pursuit.cpp:1[m[K:
[2.982s] [01m[K/home/bentoaz/f1tenth_experimental_ws/src/pure_pursuit/include/pure_pursuit.hpp:[m[K In member function â€˜[01m[Kvoid PurePursuit::pause_callback(std_msgs::msg::Bool_<std::allocator<void> >::SharedPtr)[m[Kâ€™:
[2.982s] [01m[K/home/bentoaz/f1tenth_experimental_ws/src/pure_pursuit/include/pure_pursuit.hpp:141:56:[m[K [01;35m[Kwarning: [m[Kunused parameter â€˜[01m[Kmsg[m[Kâ€™ [[01;35m[K]8;;https://gcc.gnu.org/onlinedocs/gcc/Warning-Options.html#index-Wunused-parameter-Wunused-parameter]8;;[m[K]
[2.982s]   141 |     void pause_callback([01;35m[Kstd_msgs::msg::Bool::SharedPtr msg[m[K){
[2.982s]       |                         [01;35m[K~~~~~~~~~~~~~~~~~~~~~~~~~~~~~~~^~~[m[K
[2.997s] [01m[K/home/bentoaz/f1tenth_experimental_ws/src/pure_pursuit/src/pure_pursuit.cpp:[m[K In constructor â€˜[01m[KPurePursuit::PurePursuit()[m[Kâ€™:
[2.997s] [01m[K/home/bentoaz/f1tenth_experimental_ws/src/pure_pursuit/src/pure_pursuit.cpp:97:6:[m[K [01;31m[Kerror: [m[Kexpected â€˜[01m[K)[m[Kâ€™ before â€˜[01m[K;[m[Kâ€™ token
[2.997s]    97 |     )[01;31m[K;[m[K
[2.997s]       |      [01;31m[K^[m[K
[2.997s] [01m[K/home/bentoaz/f1tenth_experimental_ws/src/pure_pursuit/src/pure_pursuit.cpp:94:64:[m[K [01;36m[Knote: [m[Kto match this â€˜[01m[K([m[Kâ€™
[2.997s]    94 |     pause_sub_ = this->create_subscription<std_msgs::msg::Bool>[01;36m[K([m[K
[2.997s]       |                                                                [01;36m[K^[m[K
[3.000s] [01m[K/home/bentoaz/f1tenth_experimental_ws/src/pure_pursuit/src/pure_pursuit.cpp:[m[K In member function â€˜[01m[Kvoid PurePursuit::pause_callback(std_msgs::msg::Bool_<std::allocator<void> >::SharedPtr)[m[Kâ€™:
[3.000s] [01m[K/home/bentoaz/f1tenth_experimental_ws/src/pure_pursuit/src/pure_pursuit.cpp:112:5:[m[K [01;31m[Kerror: [m[Kexpected â€˜[01m[K;[m[Kâ€™ before â€˜[01m[Kdrive_msgObj[m[Kâ€™
[3.000s]   112 |     [01;31m[Kdrive_msgObj[m[K.drive.speed = 0.0;
[3.000s]       |     [01;31m[K^~~~~~~~~~~~[m[K
[3.002s] In file included from [01m[K/opt/ros/humble/include/rclcpp/rclcpp/logging.hpp:24[m[K,
[3.002s]                  from [01m[K/opt/ros/humble/include/rclcpp/rclcpp/client.hpp:40[m[K,
[3.002s]                  from [01m[K/opt/ros/humble/include/rclcpp/rclcpp/callback_group.hpp:24[m[K,
[3.002s]                  from [01m[K/opt/ros/humble/include/rclcpp/rclcpp/any_executable.hpp:20[m[K,
[3.002s]                  from [01m[K/opt/ros/humble/include/rclcpp/rclcpp/memory_strategy.hpp:25[m[K,
[3.002s]                  from [01m[K/opt/ros/humble/include/rclcpp/rclcpp/memory_strategies.hpp:18[m[K,
[3.002s]                  from [01m[K/opt/ros/humble/include/rclcpp/rclcpp/executor_options.hpp:20[m[K,
[3.002s]                  from [01m[K/opt/ros/humble/include/rclcpp/rclcpp/executor.hpp:37[m[K,
[3.002s]                  from [01m[K/opt/ros/humble/include/rclcpp/rclcpp/executors/multi_threaded_executor.hpp:25[m[K,
[3.003s]                  from [01m[K/opt/ros/humble/include/rclcpp/rclcpp/executors.hpp:21[m[K,
[3.003s]                  from [01m[K/opt/ros/humble/include/rclcpp/rclcpp/rclcpp.hpp:155[m[K,
[3.003s]                  from [01m[K/opt/ros/humble/include/tf2_ros/tf2_ros/buffer_interface.h:48[m[K,
[3.003s]                  from [01m[K/opt/ros/humble/include/tf2_ros/tf2_ros/buffer.h:42[m[K,
[3.003s]                  from [01m[K/home/bentoaz/f1tenth_experimental_ws/src/pure_pursuit/include/pure_pursuit.hpp:6[m[K,
[3.003s]                  from [01m[K/home/bentoaz/f1tenth_experimental_ws/src/pure_pursuit/src/pure_pursuit.cpp:1[m[K:
[3.003s] [01m[K/home/bentoaz/f1tenth_experimental_ws/src/pure_pursuit/src/pure_pursuit.cpp:[m[K In member function â€˜[01m[Kvoid PurePursuit::selected_waypoints_callback(nav_msgs::msg::Path_<std::allocator<void> >::SharedPtr)[m[Kâ€™:
[3.003s] [01m[K/home/bentoaz/f1tenth_experimental_ws/src/pure_pursuit/src/pure_pursuit.cpp:153:37:[m[K [01;35m[Kwarning: [m[Kformat â€˜[01m[K%zu[m[Kâ€™ expects argument of type â€˜[01m[Ksize_t[m[Kâ€™, but argument 5 has type â€˜[01m[Kint[m[Kâ€™ [[01;35m[K]8;;https://gcc.gnu.org/onlinedocs/gcc/Warning-Options.html#index-Wformat=-Wformat=]8;;[m[K]
[3.003s]   153 |     RCLCPP_INFO(this->get_logger(), [01;35m[K"Finished loading %zu waypoints from Path message"[m[K, [32m[Knum_waypoints[m[K);
[3.003s]       |                                     [01;35m[K^~~~~~~~~~~~~~~~~~~~~~~~~~~~~~~~~~~~~~~~~~~~~~~~~~[m[K  [32m[K~~~~~~~~~~~~~[m[K
[3.003s]       |                                                                                         [32m[K|[m[K
[3.003s]       |                                                                                         [32m[Kint[m[K
[3.003s] [01m[K/home/bentoaz/f1tenth_experimental_ws/src/pure_pursuit/src/pure_pursuit.cpp:153:57:[m[K [01;36m[Knote: [m[Kformat string is defined here
[3.003s]   153 |     RCLCPP_INFO(this->get_logger(), "Finished loading [01;36m[K%zu[m[K waypoints from Path message", num_waypoints);
[3.003s]       |                                                       [01;36m[K~~^[m[K
[3.003s]       |                                                         [01;36m[K|[m[K
[3.003s]       |                                                         [01;36m[Klong unsigned int[m[K
[3.003s]       |                                                       [32m[K%u[m[K
[3.003s] [01m[K/home/bentoaz/f1tenth_experimental_ws/src/pure_pursuit/src/pure_pursuit.cpp:158:30:[m[K [01;35m[Kwarning: [m[Kcomparison of integer expressions of different signedness: â€˜[01m[Ksize_t[m[Kâ€™ {aka â€˜[01m[Klong unsigned int[m[Kâ€™} and â€˜[01m[Kint[m[Kâ€™ [[01;35m[K]8;;https://gcc.gnu.org/onlinedocs/gcc/Warning-Options.html#index-Wsign-compare-Wsign-compare]8;;[m[K]
[3.003s]   158 |         for (size_t i = 0; [01;35m[Ki < num_waypoints - 1[m[K; i++) {
[3.003s]       |                            [01;35m[K~~^~~~~~~~~~~~~~~~~~~[m[K
[3.005s] In file included from [01m[K/opt/ros/humble/include/rclcpp/rclcpp/logging.hpp:24[m[K,
[3.005s]                  from [01m[K/opt/ros/humble/include/rclcpp/rclcpp/client.hpp:40[m[K,
[3.005s]                  from [01m[K/opt/ros/humble/include/rclcpp/rclcpp/callback_group.hpp:24[m[K,
[3.005s]                  from [01m[K/opt/ros/humble/include/rclcpp/rclcpp/any_executable.hpp:20[m[K,
[3.005s]                  from [01m[K/opt/ros/humble/include/rclcpp/rclcpp/memory_strategy.hpp:25[m[K,
[3.005s]                  from [01m[K/opt/ros/humble/include/rclcpp/rclcpp/memory_strategies.hpp:18[m[K,
[3.005s]                  from [01m[K/opt/ros/humble/include/rclcpp/rclcpp/executor_options.hpp:20[m[K,
[3.005s]                  from [01m[K/opt/ros/humble/include/rclcpp/rclcpp/executor.hpp:37[m[K,
[3.005s]                  from [01m[K/opt/ros/humble/include/rclcpp/rclcpp/executors/multi_threaded_executor.hpp:25[m[K,
[3.005s]                  from [01m[K/opt/ros/humble/include/rclcpp/rclcpp/executors.hpp:21[m[K,
[3.005s]                  from [01m[K/opt/ros/humble/include/rclcpp/rclcpp/rclcpp.hpp:155[m[K,
[3.005s]                  from [01m[K/opt/ros/humble/include/tf2_ros/tf2_ros/buffer_interface.h:48[m[K,
[3.005s]                  from [01m[K/opt/ros/humble/include/tf2_ros/tf2_ros/buffer.h:42[m[K,
[3.005s]                  from [01m[K/home/bentoaz/f1tenth_experimental_ws/src/pure_pursuit/include/pure_pursuit.hpp:6[m[K,
[3.005s]                  from [01m[K/home/bentoaz/f1tenth_experimental_ws/src/pure_pursuit/src/pure_pursuit.cpp:1[m[K:
[3.005s] [01m[K/home/bentoaz/f1tenth_experimental_ws/src/pure_pursuit/src/pure_pursuit.cpp:[m[K In member function â€˜[01m[Kvoid PurePursuit::load_waypoints()[m[Kâ€™:
[3.005s] [01m[K/home/bentoaz/f1tenth_experimental_ws/src/pure_pursuit/src/pure_pursuit.cpp:199:42:[m[K [01;35m[Kwarning: [m[Ktoo many arguments for format [[01;35m[K]8;;https://gcc.gnu.org/onlinedocs/gcc/Warning-Options.html#index-Wformat-extra-args-Wformat-extra-args]8;;[m[K]
[3.005s]   199 |         RCLCPP_ERROR(this->get_logger(), [01;35m[K"Cannot Open CSV File: "[m[K, waypoints_path.c_str());
[3.005s]       |                                          [01;35m[K^~~~~~~~~~~~~~~~~~~~~~~~[m[K
[3.005s] [01m[K/home/bentoaz/f1tenth_experimental_ws/src/pure_pursuit/src/pure_pursuit.cpp:229:37:[m[K [01;35m[Kwarning: [m[Kformat â€˜[01m[K%s[m[Kâ€™ expects argument of type â€˜[01m[Kchar*[m[Kâ€™, but argument 6 has type â€˜[01m[Kstd::string[m[Kâ€™ {aka â€˜[01m[Kstd::__cxx11::basic_string<char>[m[Kâ€™} [[01;35m[K]8;;https://gcc.gnu.org/onlinedocs/gcc/Warning-Options.html#index-Wformat=-Wformat=]8;;[m[K]
[3.005s]   229 |     RCLCPP_INFO(this->get_logger(), [01;35m[K"Finished loading %d waypoints from %s"[m[K, num_waypoints, waypoints_path);
[3.006s]       |                                     [01;35m[K^~~~~~~~~~~~~~~~~~~~~~~~~~~~~~~~~~~~~~~[m[K
[3.006s] [01m[K/home/bentoaz/f1tenth_experimental_ws/src/pure_pursuit/src/pure_pursuit.cpp:229:74:[m[K [01;36m[Knote: [m[Kformat string is defined here
[3.006s]   229 |     RCLCPP_INFO(this->get_logger(), "Finished loading %d waypoints from [01;36m[K%s[m[K", num_waypoints, waypoints_path);
[3.006s]       |                                                                         [01;36m[K~^[m[K
[3.006s]       |                                                                          [01;36m[K|[m[K
[3.006s]       |                                                                          [01;36m[Kchar*[m[K
[3.025s] [01m[K/home/bentoaz/f1tenth_experimental_ws/src/pure_pursuit/src/pure_pursuit.cpp:[m[K At global scope:
[3.025s] [01m[K/home/bentoaz/f1tenth_experimental_ws/src/pure_pursuit/src/pure_pursuit.cpp:464:2:[m[K [01;31m[Kerror: [m[Kexpected unqualified-id at end of input
[3.025s]   464 | }
[3.025s]       |  [01;31m[K^[m[K
[5.373s] gmake[2]: *** [CMakeFiles/pure_pursuit.dir/build.make:76: CMakeFiles/pure_pursuit.dir/src/pure_pursuit.cpp.o] Error 1
[5.373s] gmake[1]: *** [CMakeFiles/Makefile2:139: CMakeFiles/pure_pursuit.dir/all] Error 2
[5.373s] gmake: *** [Makefile:146: all] Error 2
[5.376s] Invoked command in '/home/bentoaz/f1tenth_experimental_ws/build/pure_pursuit' returned '2': CMAKE_PREFIX_PATH=${CMAKE_PREFIX_PATH}:/home/bentoaz/f1tenth_experimental_ws/install/stanley_avoidance:/home/bentoaz/f1tenth_experimental_ws/install/particle_filter:/home/bentoaz/f1tenth_experimental_ws/install/local_planner:/home/bentoaz/f1tenth_gym_ros/install/f1tenth_gym_ros:/home/bentoaz/autoware/install/autoware_carla_interface:/home/bentoaz/autoware/install/ros2agnocast:/home/bentoaz/autoware/install/autoware_adapi_visualizers:/opt/ros/humble /usr/bin/cmake --build /home/bentoaz/f1tenth_experimental_ws/build/pure_pursuit -- -j16 -l16
