[0.425s] Invoking command in '/home/bentoaz/f1tenth_experimental_ws/build/pure_pursuit': CMAKE_PREFIX_PATH=${CMAKE_PREFIX_PATH}:/home/bentoaz/f1tenth_experimental_ws/install/stanley_avoidance:/home/bentoaz/f1tenth_experimental_ws/install/particle_filter:/home/bentoaz/f1tenth_experimental_ws/install/local_planner:/home/bentoaz/f1tenth_gym_ros/install/f1tenth_gym_ros:/home/bentoaz/autoware/install/autoware_carla_interface:/home/bentoaz/autoware/install/ros2agnocast:/home/bentoaz/autoware/install/autoware_adapi_visualizers:/opt/ros/humble /usr/bin/cmake --build /home/bentoaz/f1tenth_experimental_ws/build/pure_pursuit -- -j16 -l16
[0.843s] [35m[1mConsolidate compiler generated dependencies of target pure_pursuit[0m
[0.843s] [ 50%] Built target waypoint_visualizer
[0.843s] [ 75%] [32mBuilding CXX object CMakeFiles/pure_pursuit.dir/src/pure_pursuit.cpp.o[0m
[3.055s] [01m[K/home/bentoaz/f1tenth_experimental_ws/src/pure_pursuit/src/pure_pursuit.cpp:33:1:[m[K [01;31m[Kerror: [m[Kextra qualification â€˜[01m[KPurePursuit::[m[Kâ€™ on member â€˜[01m[KPurePursuit[m[Kâ€™ [[01;31m[K]8;;https://gcc.gnu.org/onlinedocs/gcc/Warning-Options.html#index-fpermissive-fpermissive]8;;[m[K]
[3.055s]    33 | [01;31m[KPurePursuit[m[K::PurePursuit() : Node("pure_pursuit_node") {
[3.055s]       | [01;31m[K^~~~~~~~~~~[m[K
[3.055s] [01m[K/home/bentoaz/f1tenth_experimental_ws/src/pure_pursuit/src/pure_pursuit.cpp:33:1:[m[K [01;31m[Kerror: [m[Kâ€˜[01m[KPurePursuit::PurePursuit()[m[Kâ€™ cannot be overloaded with â€˜[01m[KPurePursuit::PurePursuit()[m[Kâ€™
[3.055s] In file included from [01m[K/home/bentoaz/f1tenth_experimental_ws/src/pure_pursuit/src/pure_pursuit.cpp:1[m[K:
[3.055s] [01m[K/home/bentoaz/f1tenth_experimental_ws/src/pure_pursuit/include/pure_pursuit.hpp:42:5:[m[K [01;36m[Knote: [m[Kprevious declaration â€˜[01m[KPurePursuit::PurePursuit()[m[Kâ€™
[3.055s]    42 |     [01;36m[KPurePursuit[m[K();
[3.055s]       |     [01;36m[K^~~~~~~~~~~[m[K
[3.055s] [01m[K/home/bentoaz/f1tenth_experimental_ws/src/pure_pursuit/src/pure_pursuit.cpp:105:6:[m[K [01;31m[Kerror: [m[Kextra qualification â€˜[01m[KPurePursuit::[m[Kâ€™ on member â€˜[01m[Kpause_callback[m[Kâ€™ [[01;31m[K]8;;https://gcc.gnu.org/onlinedocs/gcc/Warning-Options.html#index-fpermissive-fpermissive]8;;[m[K]
[3.056s]   105 | void [01;31m[KPurePursuit[m[K::pause_callback(std_msgs::msg::Bool::SharedPtr msg){
[3.056s]       |      [01;31m[K^~~~~~~~~~~[m[K
[3.056s] [01m[K/home/bentoaz/f1tenth_experimental_ws/src/pure_pursuit/src/pure_pursuit.cpp:105:6:[m[K [01;31m[Kerror: [m[Kâ€˜[01m[Kvoid PurePursuit::pause_callback(std_msgs::msg::Bool_<std::allocator<void> >::SharedPtr)[m[Kâ€™ cannot be overloaded with â€˜[01m[Kvoid PurePursuit::pause_callback(std_msgs::msg::Bool_<std::allocator<void> >::SharedPtr)[m[Kâ€™
[3.056s] In file included from [01m[K/home/bentoaz/f1tenth_experimental_ws/src/pure_pursuit/src/pure_pursuit.cpp:1[m[K:
[3.056s] [01m[K/home/bentoaz/f1tenth_experimental_ws/src/pure_pursuit/include/pure_pursuit.hpp:141:10:[m[K [01;36m[Knote: [m[Kprevious declaration â€˜[01m[Kvoid PurePursuit::pause_callback(std_msgs::msg::Bool_<std::allocator<void> >::SharedPtr)[m[Kâ€™
[3.056s]   141 |     void [01;36m[Kpause_callback[m[K(std_msgs::msg::Bool::SharedPtr msg){
[3.056s]       |          [01;36m[K^~~~~~~~~~~~~~[m[K
[3.056s] [01m[K/home/bentoaz/f1tenth_experimental_ws/src/pure_pursuit/src/pure_pursuit.cpp:117:6:[m[K [01;31m[Kerror: [m[Kextra qualification â€˜[01m[KPurePursuit::[m[Kâ€™ on member â€˜[01m[Kselected_waypoints_callback[m[Kâ€™ [[01;31m[K]8;;https://gcc.gnu.org/onlinedocs/gcc/Warning-Options.html#index-fpermissive-fpermissive]8;;[m[K]
[3.056s]   117 | void [01;31m[KPurePursuit[m[K::selected_waypoints_callback(const nav_msgs::msg::Path::SharedPtr path_msg){
[3.056s]       |      [01;31m[K^~~~~~~~~~~[m[K
[3.056s] [01m[K/home/bentoaz/f1tenth_experimental_ws/src/pure_pursuit/src/pure_pursuit.cpp:117:6:[m[K [01;31m[Kerror: [m[Kâ€˜[01m[Kvoid PurePursuit::selected_waypoints_callback(nav_msgs::msg::Path_<std::allocator<void> >::SharedPtr)[m[Kâ€™ cannot be overloaded with â€˜[01m[Kvoid PurePursuit::selected_waypoints_callback(nav_msgs::msg::Path_<std::allocator<void> >::SharedPtr)[m[Kâ€™
[3.056s] In file included from [01m[K/home/bentoaz/f1tenth_experimental_ws/src/pure_pursuit/src/pure_pursuit.cpp:1[m[K:
[3.056s] [01m[K/home/bentoaz/f1tenth_experimental_ws/src/pure_pursuit/include/pure_pursuit.hpp:139:10:[m[K [01;36m[Knote: [m[Kprevious declaration â€˜[01m[Kvoid PurePursuit::selected_waypoints_callback(nav_msgs::msg::Path_<std::allocator<void> >::SharedPtr)[m[Kâ€™
[3.056s]   139 |     void [01;36m[Kselected_waypoints_callback[m[K(const nav_msgs::msg::Path::SharedPtr path_msg);
[3.056s]       |          [01;36m[K^~~~~~~~~~~~~~~~~~~~~~~~~~~[m[K
[3.056s] [01m[K/home/bentoaz/f1tenth_experimental_ws/src/pure_pursuit/src/pure_pursuit.cpp:164:6:[m[K [01;31m[Kerror: [m[Kextra qualification â€˜[01m[KPurePursuit::[m[Kâ€™ on member â€˜[01m[Kspeed_command_callback[m[Kâ€™ [[01;31m[K]8;;https://gcc.gnu.org/onlinedocs/gcc/Warning-Options.html#index-fpermissive-fpermissive]8;;[m[K]
[3.056s]   164 | void [01;31m[KPurePursuit[m[K::speed_command_callback(const std_msgs::msg::Float64::ConstSharedPtr msg) {
[3.056s]       |      [01;31m[K^~~~~~~~~~~[m[K
[3.056s] [01m[K/home/bentoaz/f1tenth_experimental_ws/src/pure_pursuit/src/pure_pursuit.cpp:164:6:[m[K [01;31m[Kerror: [m[Kâ€˜[01m[Kvoid PurePursuit::speed_command_callback(std_msgs::msg::Float64_<std::allocator<void> >::ConstSharedPtr)[m[Kâ€™ cannot be overloaded with â€˜[01m[Kvoid PurePursuit::speed_command_callback(std_msgs::msg::Float64_<std::allocator<void> >::ConstSharedPtr)[m[Kâ€™
[3.056s] In file included from [01m[K/home/bentoaz/f1tenth_experimental_ws/src/pure_pursuit/src/pure_pursuit.cpp:1[m[K:
[3.056s] [01m[K/home/bentoaz/f1tenth_experimental_ws/src/pure_pursuit/include/pure_pursuit.hpp:140:10:[m[K [01;36m[Knote: [m[Kprevious declaration â€˜[01m[Kvoid PurePursuit::speed_command_callback(std_msgs::msg::Float64_<std::allocator<void> >::ConstSharedPtr)[m[Kâ€™
[3.056s]   140 |     void [01;36m[Kspeed_command_callback[m[K(const std_msgs::msg::Float64::ConstSharedPtr msg);
[3.056s]       |          [01;36m[K^~~~~~~~~~~~~~~~~~~~~~[m[K
[3.056s] [01m[K/home/bentoaz/f1tenth_experimental_ws/src/pure_pursuit/src/pure_pursuit.cpp:175:8:[m[K [01;31m[Kerror: [m[Kextra qualification â€˜[01m[KPurePursuit::[m[Kâ€™ on member â€˜[01m[Kto_radians[m[Kâ€™ [[01;31m[K]8;;https://gcc.gnu.org/onlinedocs/gcc/Warning-Options.html#index-fpermissive-fpermissive]8;;[m[K]
[3.056s]   175 | double [01;31m[KPurePursuit[m[K::to_radians(double degrees) {
[3.056s]       |        [01;31m[K^~~~~~~~~~~[m[K
[3.056s] [01m[K/home/bentoaz/f1tenth_experimental_ws/src/pure_pursuit/src/pure_pursuit.cpp:175:8:[m[K [01;31m[Kerror: [m[Kâ€˜[01m[Kdouble PurePursuit::to_radians(double)[m[Kâ€™ cannot be overloaded with â€˜[01m[Kdouble PurePursuit::to_radians(double)[m[Kâ€™
[3.056s] In file included from [01m[K/home/bentoaz/f1tenth_experimental_ws/src/pure_pursuit/src/pure_pursuit.cpp:1[m[K:
[3.056s] [01m[K/home/bentoaz/f1tenth_experimental_ws/src/pure_pursuit/include/pure_pursuit.hpp:108:12:[m[K [01;36m[Knote: [m[Kprevious declaration â€˜[01m[Kdouble PurePursuit::to_radians(double)[m[Kâ€™
[3.056s]   108 |     double [01;36m[Kto_radians[m[K(double degrees);
[3.056s]       |            [01;36m[K^~~~~~~~~~[m[K
[3.056s] [01m[K/home/bentoaz/f1tenth_experimental_ws/src/pure_pursuit/src/pure_pursuit.cpp:180:8:[m[K [01;31m[Kerror: [m[Kextra qualification â€˜[01m[KPurePursuit::[m[Kâ€™ on member â€˜[01m[Kto_degrees[m[Kâ€™ [[01;31m[K]8;;https://gcc.gnu.org/onlinedocs/gcc/Warning-Options.html#index-fpermissive-fpermissive]8;;[m[K]
[3.057s]   180 | double [01;31m[KPurePursuit[m[K::to_degrees(double radians) {
[3.057s]       |        [01;31m[K^~~~~~~~~~~[m[K
[3.057s] [01m[K/home/bentoaz/f1tenth_experimental_ws/src/pure_pursuit/src/pure_pursuit.cpp:180:8:[m[K [01;31m[Kerror: [m[Kâ€˜[01m[Kdouble PurePursuit::to_degrees(double)[m[Kâ€™ cannot be overloaded with â€˜[01m[Kdouble PurePursuit::to_degrees(double)[m[Kâ€™
[3.057s] In file included from [01m[K/home/bentoaz/f1tenth_experimental_ws/src/pure_pursuit/src/pure_pursuit.cpp:1[m[K:
[3.057s] [01m[K/home/bentoaz/f1tenth_experimental_ws/src/pure_pursuit/include/pure_pursuit.hpp:109:12:[m[K [01;36m[Knote: [m[Kprevious declaration â€˜[01m[Kdouble PurePursuit::to_degrees(double)[m[Kâ€™
[3.057s]   109 |     double [01;36m[Kto_degrees[m[K(double radians);
[3.057s]       |            [01;36m[K^~~~~~~~~~[m[K
[3.057s] [01m[K/home/bentoaz/f1tenth_experimental_ws/src/pure_pursuit/src/pure_pursuit.cpp:185:8:[m[K [01;31m[Kerror: [m[Kextra qualification â€˜[01m[KPurePursuit::[m[Kâ€™ on member â€˜[01m[Kp2pdist[m[Kâ€™ [[01;31m[K]8;;https://gcc.gnu.org/onlinedocs/gcc/Warning-Options.html#index-fpermissive-fpermissive]8;;[m[K]
[3.057s]   185 | double [01;31m[KPurePursuit[m[K::p2pdist(double &x1, double &x2, double &y1, double &y2) {
[3.057s]       |        [01;31m[K^~~~~~~~~~~[m[K
[3.057s] [01m[K/home/bentoaz/f1tenth_experimental_ws/src/pure_pursuit/src/pure_pursuit.cpp:185:8:[m[K [01;31m[Kerror: [m[Kâ€˜[01m[Kdouble PurePursuit::p2pdist(double&, double&, double&, double&)[m[Kâ€™ cannot be overloaded with â€˜[01m[Kdouble PurePursuit::p2pdist(double&, double&, double&, double&)[m[Kâ€™
[3.057s] In file included from [01m[K/home/bentoaz/f1tenth_experimental_ws/src/pure_pursuit/src/pure_pursuit.cpp:1[m[K:
[3.057s] [01m[K/home/bentoaz/f1tenth_experimental_ws/src/pure_pursuit/include/pure_pursuit.hpp:110:12:[m[K [01;36m[Knote: [m[Kprevious declaration â€˜[01m[Kdouble PurePursuit::p2pdist(double&, double&, double&, double&)[m[Kâ€™
[3.057s]   110 |     double [01;36m[Kp2pdist[m[K(double &x1, double &x2, double &y1, double &y2);
[3.057s]       |            [01;36m[K^~~~~~~[m[K
[3.057s] [01m[K/home/bentoaz/f1tenth_experimental_ws/src/pure_pursuit/src/pure_pursuit.cpp:190:6:[m[K [01;31m[Kerror: [m[Kextra qualification â€˜[01m[KPurePursuit::[m[Kâ€™ on member â€˜[01m[Kload_waypoints[m[Kâ€™ [[01;31m[K]8;;https://gcc.gnu.org/onlinedocs/gcc/Warning-Options.html#index-fpermissive-fpermissive]8;;[m[K]
[3.057s]   190 | void [01;31m[KPurePursuit[m[K::load_waypoints() {
[3.057s]       |      [01;31m[K^~~~~~~~~~~[m[K
[3.057s] [01m[K/home/bentoaz/f1tenth_experimental_ws/src/pure_pursuit/src/pure_pursuit.cpp:190:6:[m[K [01;31m[Kerror: [m[Kâ€˜[01m[Kvoid PurePursuit::load_waypoints()[m[Kâ€™ cannot be overloaded with â€˜[01m[Kvoid PurePursuit::load_waypoints()[m[Kâ€™
[3.057s] In file included from [01m[K/home/bentoaz/f1tenth_experimental_ws/src/pure_pursuit/src/pure_pursuit.cpp:1[m[K:
[3.057s] [01m[K/home/bentoaz/f1tenth_experimental_ws/src/pure_pursuit/include/pure_pursuit.hpp:112:10:[m[K [01;36m[Knote: [m[Kprevious declaration â€˜[01m[Kvoid PurePursuit::load_waypoints()[m[Kâ€™
[3.057s]   112 |     void [01;36m[Kload_waypoints[m[K();
[3.057s]       |          [01;36m[K^~~~~~~~~~~~~~[m[K
[3.057s] [01m[K/home/bentoaz/f1tenth_experimental_ws/src/pure_pursuit/src/pure_pursuit.cpp:241:6:[m[K [01;31m[Kerror: [m[Kextra qualification â€˜[01m[KPurePursuit::[m[Kâ€™ on member â€˜[01m[Kvisualize_lookahead_point[m[Kâ€™ [[01;31m[K]8;;https://gcc.gnu.org/onlinedocs/gcc/Warning-Options.html#index-fpermissive-fpermissive]8;;[m[K]
[3.057s]   241 | void [01;31m[KPurePursuit[m[K::visualize_lookahead_point(Eigen::Vector3d &point) {
[3.057s]       |      [01;31m[K^~~~~~~~~~~[m[K
[3.057s] [01m[K/home/bentoaz/f1tenth_experimental_ws/src/pure_pursuit/src/pure_pursuit.cpp:241:6:[m[K [01;31m[Kerror: [m[Kâ€˜[01m[Kvoid PurePursuit::visualize_lookahead_point(Eigen::Vector3d&)[m[Kâ€™ cannot be overloaded with â€˜[01m[Kvoid PurePursuit::visualize_lookahead_point(Eigen::Vector3d&)[m[Kâ€™
[3.057s] In file included from [01m[K/home/bentoaz/f1tenth_experimental_ws/src/pure_pursuit/src/pure_pursuit.cpp:1[m[K:
[3.057s] [01m[K/home/bentoaz/f1tenth_experimental_ws/src/pure_pursuit/include/pure_pursuit.hpp:114:10:[m[K [01;36m[Knote: [m[Kprevious declaration â€˜[01m[Kvoid PurePursuit::visualize_lookahead_point(Eigen::Vector3d&)[m[Kâ€™
[3.057s]   114 |     void [01;36m[Kvisualize_lookahead_point[m[K(Eigen::Vector3d &point);
[3.057s]       |          [01;36m[K^~~~~~~~~~~~~~~~~~~~~~~~~[m[K
[3.057s] [01m[K/home/bentoaz/f1tenth_experimental_ws/src/pure_pursuit/src/pure_pursuit.cpp:259:6:[m[K [01;31m[Kerror: [m[Kextra qualification â€˜[01m[KPurePursuit::[m[Kâ€™ on member â€˜[01m[Kvisualize_current_point[m[Kâ€™ [[01;31m[K]8;;https://gcc.gnu.org/onlinedocs/gcc/Warning-Options.html#index-fpermissive-fpermissive]8;;[m[K]
[3.057s]   259 | void [01;31m[KPurePursuit[m[K::visualize_current_point(Eigen::Vector3d &point) {
[3.057s]       |      [01;31m[K^~~~~~~~~~~[m[K
[3.057s] [01m[K/home/bentoaz/f1tenth_experimental_ws/src/pure_pursuit/src/pure_pursuit.cpp:259:6:[m[K [01;31m[Kerror: [m[Kâ€˜[01m[Kvoid PurePursuit::visualize_current_point(Eigen::Vector3d&)[m[Kâ€™ cannot be overloaded with â€˜[01m[Kvoid PurePursuit::visualize_current_point(Eigen::Vector3d&)[m[Kâ€™
[3.057s] In file included from [01m[K/home/bentoaz/f1tenth_experimental_ws/src/pure_pursuit/src/pure_pursuit.cpp:1[m[K:
[3.057s] [01m[K/home/bentoaz/f1tenth_experimental_ws/src/pure_pursuit/include/pure_pursuit.hpp:115:10:[m[K [01;36m[Knote: [m[Kprevious declaration â€˜[01m[Kvoid PurePursuit::visualize_current_point(Eigen::Vector3d&)[m[Kâ€™
[3.057s]   115 |     void [01;36m[Kvisualize_current_point[m[K(Eigen::Vector3d &point);
[3.057s]       |          [01;36m[K^~~~~~~~~~~~~~~~~~~~~~~[m[K
[3.057s] [01m[K/home/bentoaz/f1tenth_experimental_ws/src/pure_pursuit/src/pure_pursuit.cpp:277:6:[m[K [01;31m[Kerror: [m[Kextra qualification â€˜[01m[KPurePursuit::[m[Kâ€™ on member â€˜[01m[Kget_waypoint[m[Kâ€™ [[01;31m[K]8;;https://gcc.gnu.org/onlinedocs/gcc/Warning-Options.html#index-fpermissive-fpermissive]8;;[m[K]
[3.057s]   277 | void [01;31m[KPurePursuit[m[K::get_waypoint() {
[3.057s]       |      [01;31m[K^~~~~~~~~~~[m[K
[3.057s] [01m[K/home/bentoaz/f1tenth_experimental_ws/src/pure_pursuit/src/pure_pursuit.cpp:277:6:[m[K [01;31m[Kerror: [m[Kâ€˜[01m[Kvoid PurePursuit::get_waypoint()[m[Kâ€™ cannot be overloaded with â€˜[01m[Kvoid PurePursuit::get_waypoint()[m[Kâ€™
[3.057s] In file included from [01m[K/home/bentoaz/f1tenth_experimental_ws/src/pure_pursuit/src/pure_pursuit.cpp:1[m[K:
[3.058s] [01m[K/home/bentoaz/f1tenth_experimental_ws/src/pure_pursuit/include/pure_pursuit.hpp:117:10:[m[K [01;36m[Knote: [m[Kprevious declaration â€˜[01m[Kvoid PurePursuit::get_waypoint()[m[Kâ€™
[3.058s]   117 |     void [01;36m[Kget_waypoint[m[K();
[3.058s]       |          [01;36m[K^~~~~~~~~~~~[m[K
[3.058s] [01m[K/home/bentoaz/f1tenth_experimental_ws/src/pure_pursuit/src/pure_pursuit.cpp:340:6:[m[K [01;31m[Kerror: [m[Kextra qualification â€˜[01m[KPurePursuit::[m[Kâ€™ on member â€˜[01m[Kquat_to_rot[m[Kâ€™ [[01;31m[K]8;;https://gcc.gnu.org/onlinedocs/gcc/Warning-Options.html#index-fpermissive-fpermissive]8;;[m[K]
[3.058s]   340 | void [01;31m[KPurePursuit[m[K::quat_to_rot(double q0, double q1, double q2, double q3) {
[3.058s]       |      [01;31m[K^~~~~~~~~~~[m[K
[3.058s] [01m[K/home/bentoaz/f1tenth_experimental_ws/src/pure_pursuit/src/pure_pursuit.cpp:340:6:[m[K [01;31m[Kerror: [m[Kâ€˜[01m[Kvoid PurePursuit::quat_to_rot(double, double, double, double)[m[Kâ€™ cannot be overloaded with â€˜[01m[Kvoid PurePursuit::quat_to_rot(double, double, double, double)[m[Kâ€™
[3.058s] In file included from [01m[K/home/bentoaz/f1tenth_experimental_ws/src/pure_pursuit/src/pure_pursuit.cpp:1[m[K:
[3.058s] [01m[K/home/bentoaz/f1tenth_experimental_ws/src/pure_pursuit/include/pure_pursuit.hpp:119:10:[m[K [01;36m[Knote: [m[Kprevious declaration â€˜[01m[Kvoid PurePursuit::quat_to_rot(double, double, double, double)[m[Kâ€™
[3.058s]   119 |     void [01;36m[Kquat_to_rot[m[K(double q0, double q1, double q2, double q3);
[3.058s]       |          [01;36m[K^~~~~~~~~~~[m[K
[3.058s] [01m[K/home/bentoaz/f1tenth_experimental_ws/src/pure_pursuit/src/pure_pursuit.cpp:356:6:[m[K [01;31m[Kerror: [m[Kextra qualification â€˜[01m[KPurePursuit::[m[Kâ€™ on member â€˜[01m[Ktransformandinterp_waypoint[m[Kâ€™ [[01;31m[K]8;;https://gcc.gnu.org/onlinedocs/gcc/Warning-Options.html#index-fpermissive-fpermissive]8;;[m[K]
[3.058s]   356 | void [01;31m[KPurePursuit[m[K::transformandinterp_waypoint() {  // pass old waypoint here
[3.058s]       |      [01;31m[K^~~~~~~~~~~[m[K
[3.058s] [01m[K/home/bentoaz/f1tenth_experimental_ws/src/pure_pursuit/src/pure_pursuit.cpp:356:6:[m[K [01;31m[Kerror: [m[Kâ€˜[01m[Kvoid PurePursuit::transformandinterp_waypoint()[m[Kâ€™ cannot be overloaded with â€˜[01m[Kvoid PurePursuit::transformandinterp_waypoint()[m[Kâ€™
[3.058s] In file included from [01m[K/home/bentoaz/f1tenth_experimental_ws/src/pure_pursuit/src/pure_pursuit.cpp:1[m[K:
[3.058s] [01m[K/home/bentoaz/f1tenth_experimental_ws/src/pure_pursuit/include/pure_pursuit.hpp:121:10:[m[K [01;36m[Knote: [m[Kprevious declaration â€˜[01m[Kvoid PurePursuit::transformandinterp_waypoint()[m[Kâ€™
[3.058s]   121 |     void [01;36m[Ktransformandinterp_waypoint[m[K();
[3.058s]       |          [01;36m[K^~~~~~~~~~~~~~~~~~~~~~~~~~~[m[K
[3.058s] [01m[K/home/bentoaz/f1tenth_experimental_ws/src/pure_pursuit/src/pure_pursuit.cpp:381:8:[m[K [01;31m[Kerror: [m[Kextra qualification â€˜[01m[KPurePursuit::[m[Kâ€™ on member â€˜[01m[Kp_controller[m[Kâ€™ [[01;31m[K]8;;https://gcc.gnu.org/onlinedocs/gcc/Warning-Options.html#index-fpermissive-fpermissive]8;;[m[K]
[3.058s]   381 | double [01;31m[KPurePursuit[m[K::p_controller() {
[3.058s]       |        [01;31m[K^~~~~~~~~~~[m[K
[3.058s] [01m[K/home/bentoaz/f1tenth_experimental_ws/src/pure_pursuit/src/pure_pursuit.cpp:381:8:[m[K [01;31m[Kerror: [m[Kâ€˜[01m[Kdouble PurePursuit::p_controller()[m[Kâ€™ cannot be overloaded with â€˜[01m[Kdouble PurePursuit::p_controller()[m[Kâ€™
[3.058s] In file included from [01m[K/home/bentoaz/f1tenth_experimental_ws/src/pure_pursuit/src/pure_pursuit.cpp:1[m[K:
[3.058s] [01m[K/home/bentoaz/f1tenth_experimental_ws/src/pure_pursuit/include/pure_pursuit.hpp:123:12:[m[K [01;36m[Knote: [m[Kprevious declaration â€˜[01m[Kdouble PurePursuit::p_controller()[m[Kâ€™
[3.058s]   123 |     double [01;36m[Kp_controller[m[K();
[3.058s]       |            [01;36m[K^~~~~~~~~~~~[m[K
[3.058s] [01m[K/home/bentoaz/f1tenth_experimental_ws/src/pure_pursuit/src/pure_pursuit.cpp:389:8:[m[K [01;31m[Kerror: [m[Kextra qualification â€˜[01m[KPurePursuit::[m[Kâ€™ on member â€˜[01m[Kget_velocity[m[Kâ€™ [[01;31m[K]8;;https://gcc.gnu.org/onlinedocs/gcc/Warning-Options.html#index-fpermissive-fpermissive]8;;[m[K]
[3.058s]   389 | double [01;31m[KPurePursuit[m[K::get_velocity(double steering_angle) {
[3.058s]       |        [01;31m[K^~~~~~~~~~~[m[K
[3.058s] [01m[K/home/bentoaz/f1tenth_experimental_ws/src/pure_pursuit/src/pure_pursuit.cpp:389:8:[m[K [01;31m[Kerror: [m[Kâ€˜[01m[Kdouble PurePursuit::get_velocity(double)[m[Kâ€™ cannot be overloaded with â€˜[01m[Kdouble PurePursuit::get_velocity(double)[m[Kâ€™
[3.058s] In file included from [01m[K/home/bentoaz/f1tenth_experimental_ws/src/pure_pursuit/src/pure_pursuit.cpp:1[m[K:
[3.058s] [01m[K/home/bentoaz/f1tenth_experimental_ws/src/pure_pursuit/include/pure_pursuit.hpp:125:12:[m[K [01;36m[Knote: [m[Kprevious declaration â€˜[01m[Kdouble PurePursuit::get_velocity(double)[m[Kâ€™
[3.058s]   125 |     double [01;36m[Kget_velocity[m[K(double steering_angle);
[3.058s]       |            [01;36m[K^~~~~~~~~~~~[m[K
[3.058s] [01m[K/home/bentoaz/f1tenth_experimental_ws/src/pure_pursuit/src/pure_pursuit.cpp:407:6:[m[K [01;31m[Kerror: [m[Kextra qualification â€˜[01m[KPurePursuit::[m[Kâ€™ on member â€˜[01m[Kpublish_message[m[Kâ€™ [[01;31m[K]8;;https://gcc.gnu.org/onlinedocs/gcc/Warning-Options.html#index-fpermissive-fpermissive]8;;[m[K]
[3.058s]   407 | void [01;31m[KPurePursuit[m[K::publish_message(double steering_angle) {
[3.058s]       |      [01;31m[K^~~~~~~~~~~[m[K
[3.058s] [01m[K/home/bentoaz/f1tenth_experimental_ws/src/pure_pursuit/src/pure_pursuit.cpp:407:6:[m[K [01;31m[Kerror: [m[Kâ€˜[01m[Kvoid PurePursuit::publish_message(double)[m[Kâ€™ cannot be overloaded with â€˜[01m[Kvoid PurePursuit::publish_message(double)[m[Kâ€™
[3.058s] In file included from [01m[K/home/bentoaz/f1tenth_experimental_ws/src/pure_pursuit/src/pure_pursuit.cpp:1[m[K:
[3.058s] [01m[K/home/bentoaz/f1tenth_experimental_ws/src/pure_pursuit/include/pure_pursuit.hpp:127:10:[m[K [01;36m[Knote: [m[Kprevious declaration â€˜[01m[Kvoid PurePursuit::publish_message(double)[m[Kâ€™
[3.058s]   127 |     void [01;36m[Kpublish_message[m[K(double steering_angle);
[3.058s]       |          [01;36m[K^~~~~~~~~~~~~~~[m[K
[3.058s] [01m[K/home/bentoaz/f1tenth_experimental_ws/src/pure_pursuit/src/pure_pursuit.cpp:422:6:[m[K [01;31m[Kerror: [m[Kextra qualification â€˜[01m[KPurePursuit::[m[Kâ€™ on member â€˜[01m[Kodom_callback[m[Kâ€™ [[01;31m[K]8;;https://gcc.gnu.org/onlinedocs/gcc/Warning-Options.html#index-fpermissive-fpermissive]8;;[m[K]
[3.058s]   422 | void [01;31m[KPurePursuit[m[K::odom_callback(const nav_msgs::msg::Odometry::ConstSharedPtr odom_submsgObj) {
[3.058s]       |      [01;31m[K^~~~~~~~~~~[m[K
[3.059s] [01m[K/home/bentoaz/f1tenth_experimental_ws/src/pure_pursuit/src/pure_pursuit.cpp:422:6:[m[K [01;31m[Kerror: [m[Kâ€˜[01m[Kvoid PurePursuit::odom_callback(nav_msgs::msg::Odometry_<std::allocator<void> >::ConstSharedPtr)[m[Kâ€™ cannot be overloaded with â€˜[01m[Kvoid PurePursuit::odom_callback(nav_msgs::msg::Odometry_<std::allocator<void> >::ConstSharedPtr)[m[Kâ€™
[3.059s] In file included from [01m[K/home/bentoaz/f1tenth_experimental_ws/src/pure_pursuit/src/pure_pursuit.cpp:1[m[K:
[3.059s] [01m[K/home/bentoaz/f1tenth_experimental_ws/src/pure_pursuit/include/pure_pursuit.hpp:129:10:[m[K [01;36m[Knote: [m[Kprevious declaration â€˜[01m[Kvoid PurePursuit::odom_callback(nav_msgs::msg::Odometry_<std::allocator<void> >::ConstSharedPtr)[m[Kâ€™
[3.059s]   129 |     void [01;36m[Kodom_callback[m[K(const nav_msgs::msg::Odometry::ConstSharedPtr odom_submsgObj);
[3.059s]       |          [01;36m[K^~~~~~~~~~~~~[m[K
[3.059s] [01m[K/home/bentoaz/f1tenth_experimental_ws/src/pure_pursuit/src/pure_pursuit.cpp:443:6:[m[K [01;31m[Kerror: [m[Kextra qualification â€˜[01m[KPurePursuit::[m[Kâ€™ on member â€˜[01m[Ktimer_callback[m[Kâ€™ [[01;31m[K]8;;https://gcc.gnu.org/onlinedocs/gcc/Warning-Options.html#index-fpermissive-fpermissive]8;;[m[K]
[3.059s]   443 | void [01;31m[KPurePursuit[m[K::timer_callback() {
[3.059s]       |      [01;31m[K^~~~~~~~~~~[m[K
[3.059s] [01m[K/home/bentoaz/f1tenth_experimental_ws/src/pure_pursuit/src/pure_pursuit.cpp:443:6:[m[K [01;31m[Kerror: [m[Kâ€˜[01m[Kvoid PurePursuit::timer_callback()[m[Kâ€™ cannot be overloaded with â€˜[01m[Kvoid PurePursuit::timer_callback()[m[Kâ€™
[3.059s] In file included from [01m[K/home/bentoaz/f1tenth_experimental_ws/src/pure_pursuit/src/pure_pursuit.cpp:1[m[K:
[3.059s] [01m[K/home/bentoaz/f1tenth_experimental_ws/src/pure_pursuit/include/pure_pursuit.hpp:131:10:[m[K [01;36m[Knote: [m[Kprevious declaration â€˜[01m[Kvoid PurePursuit::timer_callback()[m[Kâ€™
[3.059s]   131 |     void [01;36m[Ktimer_callback[m[K();
[3.059s]       |          [01;36m[K^~~~~~~~~~~~~~[m[K
[3.059s] [01m[K/home/bentoaz/f1tenth_experimental_ws/src/pure_pursuit/src/pure_pursuit.cpp:461:2:[m[K [01;31m[Kerror: [m[Kexpected â€˜[01m[K}[m[Kâ€™ at end of input
[3.059s]   461 | }
[3.059s]       |  [01;31m[K^[m[K
[3.059s] In file included from [01m[K/home/bentoaz/f1tenth_experimental_ws/src/pure_pursuit/src/pure_pursuit.cpp:1[m[K:
[3.059s] [01m[K/home/bentoaz/f1tenth_experimental_ws/src/pure_pursuit/include/pure_pursuit.hpp:40:41:[m[K [01;36m[Knote: [m[Kto match this â€˜[01m[K{[m[Kâ€™
[3.059s]    40 | class PurePursuit : public rclcpp::Node [01;36m[K{[m[K
[3.059s]       |                                         [01;36m[K^[m[K
[3.059s] In file included from [01m[K/home/bentoaz/f1tenth_experimental_ws/src/pure_pursuit/src/pure_pursuit.cpp:1[m[K:
[3.059s] [01m[K/home/bentoaz/f1tenth_experimental_ws/src/pure_pursuit/include/pure_pursuit.hpp:[m[K In member function â€˜[01m[Kvoid PurePursuit::pause_callback(std_msgs::msg::Bool_<std::allocator<void> >::SharedPtr)[m[Kâ€™:
[3.059s] [01m[K/home/bentoaz/f1tenth_experimental_ws/src/pure_pursuit/include/pure_pursuit.hpp:141:56:[m[K [01;35m[Kwarning: [m[Kunused parameter â€˜[01m[Kmsg[m[Kâ€™ [[01;35m[K]8;;https://gcc.gnu.org/onlinedocs/gcc/Warning-Options.html#index-Wunused-parameter-Wunused-parameter]8;;[m[K]
[3.059s]   141 |     void pause_callback([01;35m[Kstd_msgs::msg::Bool::SharedPtr msg[m[K){
[3.059s]       |                         [01;35m[K~~~~~~~~~~~~~~~~~~~~~~~~~~~~~~~^~~[m[K
[3.074s] [01m[K/home/bentoaz/f1tenth_experimental_ws/src/pure_pursuit/src/pure_pursuit.cpp:[m[K In constructor â€˜[01m[KPurePursuit::PurePursuit()[m[Kâ€™:
[3.074s] [01m[K/home/bentoaz/f1tenth_experimental_ws/src/pure_pursuit/src/pure_pursuit.cpp:95:147:[m[K [01;31m[Kerror: [m[Kexpected â€˜[01m[K)[m[Kâ€™ before â€˜[01m[K;[m[Kâ€™ token
[3.074s]    95 | his->create_subscription<std_msgs::msg::Bool>("/pause_state", rclcpp::QoS(10), std::bind(&PurePursuit::pause_callback, this, _1)[01;31m[K;[m[K
[3.075s]       |                                                                                                                                 [01;31m[K^[m[K
[3.075s] 
[3.075s] [01m[K/home/bentoaz/f1tenth_experimental_ws/src/pure_pursuit/src/pure_pursuit.cpp:95:64:[m[K [01;36m[Knote: [m[Kto match this â€˜[01m[K([m[Kâ€™
[3.075s]    95 |     pause_sub_ = this->create_subscription<std_msgs::msg::Bool>[01;36m[K([m[K"/pause_state", rclcpp::QoS(10), std::bind(&PurePursuit::pause_callback, this, _1);
[3.075s]       |                                                                [01;36m[K^[m[K
[3.079s] In file included from [01m[K/opt/ros/humble/include/rclcpp/rclcpp/logging.hpp:24[m[K,
[3.079s]                  from [01m[K/opt/ros/humble/include/rclcpp/rclcpp/client.hpp:40[m[K,
[3.079s]                  from [01m[K/opt/ros/humble/include/rclcpp/rclcpp/callback_group.hpp:24[m[K,
[3.079s]                  from [01m[K/opt/ros/humble/include/rclcpp/rclcpp/any_executable.hpp:20[m[K,
[3.079s]                  from [01m[K/opt/ros/humble/include/rclcpp/rclcpp/memory_strategy.hpp:25[m[K,
[3.079s]                  from [01m[K/opt/ros/humble/include/rclcpp/rclcpp/memory_strategies.hpp:18[m[K,
[3.079s]                  from [01m[K/opt/ros/humble/include/rclcpp/rclcpp/executor_options.hpp:20[m[K,
[3.079s]                  from [01m[K/opt/ros/humble/include/rclcpp/rclcpp/executor.hpp:37[m[K,
[3.079s]                  from [01m[K/opt/ros/humble/include/rclcpp/rclcpp/executors/multi_threaded_executor.hpp:25[m[K,
[3.079s]                  from [01m[K/opt/ros/humble/include/rclcpp/rclcpp/executors.hpp:21[m[K,
[3.079s]                  from [01m[K/opt/ros/humble/include/rclcpp/rclcpp/rclcpp.hpp:155[m[K,
[3.079s]                  from [01m[K/opt/ros/humble/include/tf2_ros/tf2_ros/buffer_interface.h:48[m[K,
[3.079s]                  from [01m[K/opt/ros/humble/include/tf2_ros/tf2_ros/buffer.h:42[m[K,
[3.080s]                  from [01m[K/home/bentoaz/f1tenth_experimental_ws/src/pure_pursuit/include/pure_pursuit.hpp:6[m[K,
[3.080s]                  from [01m[K/home/bentoaz/f1tenth_experimental_ws/src/pure_pursuit/src/pure_pursuit.cpp:1[m[K:
[3.080s] [01m[K/home/bentoaz/f1tenth_experimental_ws/src/pure_pursuit/src/pure_pursuit.cpp:[m[K In member function â€˜[01m[Kvoid PurePursuit::selected_waypoints_callback(nav_msgs::msg::Path_<std::allocator<void> >::SharedPtr)[m[Kâ€™:
[3.080s] [01m[K/home/bentoaz/f1tenth_experimental_ws/src/pure_pursuit/src/pure_pursuit.cpp:150:37:[m[K [01;35m[Kwarning: [m[Kformat â€˜[01m[K%zu[m[Kâ€™ expects argument of type â€˜[01m[Ksize_t[m[Kâ€™, but argument 5 has type â€˜[01m[Kint[m[Kâ€™ [[01;35m[K]8;;https://gcc.gnu.org/onlinedocs/gcc/Warning-Options.html#index-Wformat=-Wformat=]8;;[m[K]
[3.080s]   150 |     RCLCPP_INFO(this->get_logger(), [01;35m[K"Finished loading %zu waypoints from Path message"[m[K, [32m[Knum_waypoints[m[K);
[3.080s]       |                                     [01;35m[K^~~~~~~~~~~~~~~~~~~~~~~~~~~~~~~~~~~~~~~~~~~~~~~~~~[m[K  [32m[K~~~~~~~~~~~~~[m[K
[3.080s]       |                                                                                         [32m[K|[m[K
[3.080s]       |                                                                                         [32m[Kint[m[K
[3.080s] [01m[K/home/bentoaz/f1tenth_experimental_ws/src/pure_pursuit/src/pure_pursuit.cpp:150:57:[m[K [01;36m[Knote: [m[Kformat string is defined here
[3.080s]   150 |     RCLCPP_INFO(this->get_logger(), "Finished loading [01;36m[K%zu[m[K waypoints from Path message", num_waypoints);
[3.080s]       |                                                       [01;36m[K~~^[m[K
[3.080s]       |                                                         [01;36m[K|[m[K
[3.080s]       |                                                         [01;36m[Klong unsigned int[m[K
[3.080s]       |                                                       [32m[K%u[m[K
[3.080s] [01m[K/home/bentoaz/f1tenth_experimental_ws/src/pure_pursuit/src/pure_pursuit.cpp:155:30:[m[K [01;35m[Kwarning: [m[Kcomparison of integer expressions of different signedness: â€˜[01m[Ksize_t[m[Kâ€™ {aka â€˜[01m[Klong unsigned int[m[Kâ€™} and â€˜[01m[Kint[m[Kâ€™ [[01;35m[K]8;;https://gcc.gnu.org/onlinedocs/gcc/Warning-Options.html#index-Wsign-compare-Wsign-compare]8;;[m[K]
[3.080s]   155 |         for (size_t i = 0; [01;35m[Ki < num_waypoints - 1[m[K; i++) {
[3.080s]       |                            [01;35m[K~~^~~~~~~~~~~~~~~~~~~[m[K
[3.082s] In file included from [01m[K/opt/ros/humble/include/rclcpp/rclcpp/logging.hpp:24[m[K,
[3.082s]                  from [01m[K/opt/ros/humble/include/rclcpp/rclcpp/client.hpp:40[m[K,
[3.082s]                  from [01m[K/opt/ros/humble/include/rclcpp/rclcpp/callback_group.hpp:24[m[K,
[3.082s]                  from [01m[K/opt/ros/humble/include/rclcpp/rclcpp/any_executable.hpp:20[m[K,
[3.082s]                  from [01m[K/opt/ros/humble/include/rclcpp/rclcpp/memory_strategy.hpp:25[m[K,
[3.082s]                  from [01m[K/opt/ros/humble/include/rclcpp/rclcpp/memory_strategies.hpp:18[m[K,
[3.082s]                  from [01m[K/opt/ros/humble/include/rclcpp/rclcpp/executor_options.hpp:20[m[K,
[3.082s]                  from [01m[K/opt/ros/humble/include/rclcpp/rclcpp/executor.hpp:37[m[K,
[3.082s]                  from [01m[K/opt/ros/humble/include/rclcpp/rclcpp/executors/multi_threaded_executor.hpp:25[m[K,
[3.082s]                  from [01m[K/opt/ros/humble/include/rclcpp/rclcpp/executors.hpp:21[m[K,
[3.082s]                  from [01m[K/opt/ros/humble/include/rclcpp/rclcpp/rclcpp.hpp:155[m[K,
[3.082s]                  from [01m[K/opt/ros/humble/include/tf2_ros/tf2_ros/buffer_interface.h:48[m[K,
[3.082s]                  from [01m[K/opt/ros/humble/include/tf2_ros/tf2_ros/buffer.h:42[m[K,
[3.083s]                  from [01m[K/home/bentoaz/f1tenth_experimental_ws/src/pure_pursuit/include/pure_pursuit.hpp:6[m[K,
[3.083s]                  from [01m[K/home/bentoaz/f1tenth_experimental_ws/src/pure_pursuit/src/pure_pursuit.cpp:1[m[K:
[3.083s] [01m[K/home/bentoaz/f1tenth_experimental_ws/src/pure_pursuit/src/pure_pursuit.cpp:[m[K In member function â€˜[01m[Kvoid PurePursuit::load_waypoints()[m[Kâ€™:
[3.083s] [01m[K/home/bentoaz/f1tenth_experimental_ws/src/pure_pursuit/src/pure_pursuit.cpp:196:42:[m[K [01;35m[Kwarning: [m[Ktoo many arguments for format [[01;35m[K]8;;https://gcc.gnu.org/onlinedocs/gcc/Warning-Options.html#index-Wformat-extra-args-Wformat-extra-args]8;;[m[K]
[3.083s]   196 |         RCLCPP_ERROR(this->get_logger(), [01;35m[K"Cannot Open CSV File: "[m[K, waypoints_path.c_str());
[3.083s]       |                                          [01;35m[K^~~~~~~~~~~~~~~~~~~~~~~~[m[K
[3.083s] [01m[K/home/bentoaz/f1tenth_experimental_ws/src/pure_pursuit/src/pure_pursuit.cpp:226:37:[m[K [01;35m[Kwarning: [m[Kformat â€˜[01m[K%s[m[Kâ€™ expects argument of type â€˜[01m[Kchar*[m[Kâ€™, but argument 6 has type â€˜[01m[Kstd::string[m[Kâ€™ {aka â€˜[01m[Kstd::__cxx11::basic_string<char>[m[Kâ€™} [[01;35m[K]8;;https://gcc.gnu.org/onlinedocs/gcc/Warning-Options.html#index-Wformat=-Wformat=]8;;[m[K]
[3.083s]   226 |     RCLCPP_INFO(this->get_logger(), [01;35m[K"Finished loading %d waypoints from %s"[m[K, num_waypoints, waypoints_path);
[3.083s]       |                                     [01;35m[K^~~~~~~~~~~~~~~~~~~~~~~~~~~~~~~~~~~~~~~[m[K
[3.083s] [01m[K/home/bentoaz/f1tenth_experimental_ws/src/pure_pursuit/src/pure_pursuit.cpp:226:74:[m[K [01;36m[Knote: [m[Kformat string is defined here
[3.083s]   226 |     RCLCPP_INFO(this->get_logger(), "Finished loading %d waypoints from [01;36m[K%s[m[K", num_waypoints, waypoints_path);
[3.083s]       |                                                                         [01;36m[K~^[m[K
[3.083s]       |                                                                          [01;36m[K|[m[K
[3.083s]       |                                                                          [01;36m[Kchar*[m[K
[3.101s] [01m[K/home/bentoaz/f1tenth_experimental_ws/src/pure_pursuit/src/pure_pursuit.cpp:[m[K At global scope:
[3.101s] [01m[K/home/bentoaz/f1tenth_experimental_ws/src/pure_pursuit/src/pure_pursuit.cpp:461:2:[m[K [01;31m[Kerror: [m[Kexpected unqualified-id at end of input
[3.101s]   461 | }
[3.101s]       |  [01;31m[K^[m[K
[5.280s] gmake[2]: *** [CMakeFiles/pure_pursuit.dir/build.make:76: CMakeFiles/pure_pursuit.dir/src/pure_pursuit.cpp.o] Error 1
[5.280s] gmake[1]: *** [CMakeFiles/Makefile2:139: CMakeFiles/pure_pursuit.dir/all] Error 2
[5.280s] gmake: *** [Makefile:146: all] Error 2
[5.282s] Invoked command in '/home/bentoaz/f1tenth_experimental_ws/build/pure_pursuit' returned '2': CMAKE_PREFIX_PATH=${CMAKE_PREFIX_PATH}:/home/bentoaz/f1tenth_experimental_ws/install/stanley_avoidance:/home/bentoaz/f1tenth_experimental_ws/install/particle_filter:/home/bentoaz/f1tenth_experimental_ws/install/local_planner:/home/bentoaz/f1tenth_gym_ros/install/f1tenth_gym_ros:/home/bentoaz/autoware/install/autoware_carla_interface:/home/bentoaz/autoware/install/ros2agnocast:/home/bentoaz/autoware/install/autoware_adapi_visualizers:/opt/ros/humble /usr/bin/cmake --build /home/bentoaz/f1tenth_experimental_ws/build/pure_pursuit -- -j16 -l16
