[0.425s] Invoking command in '/home/bentoaz/f1tenth_experimental_ws/build/pure_pursuit': CMAKE_PREFIX_PATH=${CMAKE_PREFIX_PATH}:/home/bentoaz/f1tenth_experimental_ws/install/stanley_avoidance:/home/bentoaz/f1tenth_experimental_ws/install/particle_filter:/home/bentoaz/f1tenth_experimental_ws/install/local_planner:/home/bentoaz/f1tenth_gym_ros/install/f1tenth_gym_ros:/home/bentoaz/autoware/install/autoware_carla_interface:/home/bentoaz/autoware/install/ros2agnocast:/home/bentoaz/autoware/install/autoware_adapi_visualizers:/opt/ros/humble /usr/bin/cmake --build /home/bentoaz/f1tenth_experimental_ws/build/pure_pursuit -- -j16 -l16
[0.768s] [35m[1mConsolidate compiler generated dependencies of target pure_pursuit[0m
[0.768s] [ 50%] Built target waypoint_visualizer
[0.768s] [ 75%] [32mBuilding CXX object CMakeFiles/pure_pursuit.dir/src/pure_pursuit.cpp.o[0m
[3.214s] In file included from [01m[K/opt/ros/humble/include/rclcpp/rclcpp/logging.hpp:24[m[K,
[3.214s]                  from [01m[K/opt/ros/humble/include/rclcpp/rclcpp/client.hpp:40[m[K,
[3.214s]                  from [01m[K/opt/ros/humble/include/rclcpp/rclcpp/callback_group.hpp:24[m[K,
[3.214s]                  from [01m[K/opt/ros/humble/include/rclcpp/rclcpp/any_executable.hpp:20[m[K,
[3.214s]                  from [01m[K/opt/ros/humble/include/rclcpp/rclcpp/memory_strategy.hpp:25[m[K,
[3.214s]                  from [01m[K/opt/ros/humble/include/rclcpp/rclcpp/memory_strategies.hpp:18[m[K,
[3.215s]                  from [01m[K/opt/ros/humble/include/rclcpp/rclcpp/executor_options.hpp:20[m[K,
[3.215s]                  from [01m[K/opt/ros/humble/include/rclcpp/rclcpp/executor.hpp:37[m[K,
[3.215s]                  from [01m[K/opt/ros/humble/include/rclcpp/rclcpp/executors/multi_threaded_executor.hpp:25[m[K,
[3.215s]                  from [01m[K/opt/ros/humble/include/rclcpp/rclcpp/executors.hpp:21[m[K,
[3.215s]                  from [01m[K/opt/ros/humble/include/rclcpp/rclcpp/rclcpp.hpp:155[m[K,
[3.215s]                  from [01m[K/opt/ros/humble/include/tf2_ros/tf2_ros/buffer_interface.h:48[m[K,
[3.215s]                  from [01m[K/opt/ros/humble/include/tf2_ros/tf2_ros/buffer.h:42[m[K,
[3.215s]                  from [01m[K/home/bentoaz/f1tenth_experimental_ws/src/pure_pursuit/include/pure_pursuit.hpp:6[m[K,
[3.215s]                  from [01m[K/home/bentoaz/f1tenth_experimental_ws/src/pure_pursuit/src/pure_pursuit.cpp:1[m[K:
[3.215s] [01m[K/home/bentoaz/f1tenth_experimental_ws/src/pure_pursuit/src/pure_pursuit.cpp:[m[K In member function â€˜[01m[Kvoid PurePursuit::selected_waypoints_callback(nav_msgs::msg::Path_<std::allocator<void> >::SharedPtr)[m[Kâ€™:
[3.215s] [01m[K/home/bentoaz/f1tenth_experimental_ws/src/pure_pursuit/src/pure_pursuit.cpp:127:37:[m[K [01;35m[Kwarning: [m[Kformat â€˜[01m[K%zu[m[Kâ€™ expects argument of type â€˜[01m[Ksize_t[m[Kâ€™, but argument 5 has type â€˜[01m[Kint[m[Kâ€™ [[01;35m[K]8;;https://gcc.gnu.org/onlinedocs/gcc/Warning-Options.html#index-Wformat=-Wformat=]8;;[m[K]
[3.215s]   127 |     RCLCPP_INFO(this->get_logger(), [01;35m[K"Finished loading %zu waypoints from Path message"[m[K, [32m[Knum_waypoints[m[K);
[3.215s]       |                                     [01;35m[K^~~~~~~~~~~~~~~~~~~~~~~~~~~~~~~~~~~~~~~~~~~~~~~~~~[m[K  [32m[K~~~~~~~~~~~~~[m[K
[3.215s]       |                                                                                         [32m[K|[m[K
[3.215s]       |                                                                                         [32m[Kint[m[K
[3.215s] [01m[K/home/bentoaz/f1tenth_experimental_ws/src/pure_pursuit/src/pure_pursuit.cpp:127:57:[m[K [01;36m[Knote: [m[Kformat string is defined here
[3.216s]   127 |     RCLCPP_INFO(this->get_logger(), "Finished loading [01;36m[K%zu[m[K waypoints from Path message", num_waypoints);
[3.216s]       |                                                       [01;36m[K~~^[m[K
[3.216s]       |                                                         [01;36m[K|[m[K
[3.216s]       |                                                         [01;36m[Klong unsigned int[m[K
[3.216s]       |                                                       [32m[K%u[m[K
[3.216s] [01m[K/home/bentoaz/f1tenth_experimental_ws/src/pure_pursuit/src/pure_pursuit.cpp:132:30:[m[K [01;35m[Kwarning: [m[Kcomparison of integer expressions of different signedness: â€˜[01m[Ksize_t[m[Kâ€™ {aka â€˜[01m[Klong unsigned int[m[Kâ€™} and â€˜[01m[Kint[m[Kâ€™ [[01;35m[K]8;;https://gcc.gnu.org/onlinedocs/gcc/Warning-Options.html#index-Wsign-compare-Wsign-compare]8;;[m[K]
[3.216s]   132 |         for (size_t i = 0; [01;35m[Ki < num_waypoints - 1[m[K; i++) {
[3.216s]       |                            [01;35m[K~~^~~~~~~~~~~~~~~~~~~[m[K
[3.216s] In file included from [01m[K/opt/ros/humble/include/rclcpp/rclcpp/logging.hpp:24[m[K,
[3.216s]                  from [01m[K/opt/ros/humble/include/rclcpp/rclcpp/client.hpp:40[m[K,
[3.216s]                  from [01m[K/opt/ros/humble/include/rclcpp/rclcpp/callback_group.hpp:24[m[K,
[3.217s]                  from [01m[K/opt/ros/humble/include/rclcpp/rclcpp/any_executable.hpp:20[m[K,
[3.217s]                  from [01m[K/opt/ros/humble/include/rclcpp/rclcpp/memory_strategy.hpp:25[m[K,
[3.217s]                  from [01m[K/opt/ros/humble/include/rclcpp/rclcpp/memory_strategies.hpp:18[m[K,
[3.217s]                  from [01m[K/opt/ros/humble/include/rclcpp/rclcpp/executor_options.hpp:20[m[K,
[3.217s]                  from [01m[K/opt/ros/humble/include/rclcpp/rclcpp/executor.hpp:37[m[K,
[3.217s]                  from [01m[K/opt/ros/humble/include/rclcpp/rclcpp/executors/multi_threaded_executor.hpp:25[m[K,
[3.217s]                  from [01m[K/opt/ros/humble/include/rclcpp/rclcpp/executors.hpp:21[m[K,
[3.217s]                  from [01m[K/opt/ros/humble/include/rclcpp/rclcpp/rclcpp.hpp:155[m[K,
[3.217s]                  from [01m[K/opt/ros/humble/include/tf2_ros/tf2_ros/buffer_interface.h:48[m[K,
[3.217s]                  from [01m[K/opt/ros/humble/include/tf2_ros/tf2_ros/buffer.h:42[m[K,
[3.217s]                  from [01m[K/home/bentoaz/f1tenth_experimental_ws/src/pure_pursuit/include/pure_pursuit.hpp:6[m[K,
[3.217s]                  from [01m[K/home/bentoaz/f1tenth_experimental_ws/src/pure_pursuit/src/pure_pursuit.cpp:1[m[K:
[3.217s] [01m[K/home/bentoaz/f1tenth_experimental_ws/src/pure_pursuit/src/pure_pursuit.cpp:[m[K In member function â€˜[01m[Kvoid PurePursuit::load_waypoints()[m[Kâ€™:
[3.217s] [01m[K/home/bentoaz/f1tenth_experimental_ws/src/pure_pursuit/src/pure_pursuit.cpp:169:42:[m[K [01;35m[Kwarning: [m[Ktoo many arguments for format [[01;35m[K]8;;https://gcc.gnu.org/onlinedocs/gcc/Warning-Options.html#index-Wformat-extra-args-Wformat-extra-args]8;;[m[K]
[3.218s]   169 |         RCLCPP_ERROR(this->get_logger(), [01;35m[K"Cannot Open CSV File: "[m[K, waypoints_path.c_str());
[3.218s]       |                                          [01;35m[K^~~~~~~~~~~~~~~~~~~~~~~~[m[K
[3.218s] [01m[K/home/bentoaz/f1tenth_experimental_ws/src/pure_pursuit/src/pure_pursuit.cpp:199:37:[m[K [01;35m[Kwarning: [m[Kformat â€˜[01m[K%s[m[Kâ€™ expects argument of type â€˜[01m[Kchar*[m[Kâ€™, but argument 6 has type â€˜[01m[Kstd::string[m[Kâ€™ {aka â€˜[01m[Kstd::__cxx11::basic_string<char>[m[Kâ€™} [[01;35m[K]8;;https://gcc.gnu.org/onlinedocs/gcc/Warning-Options.html#index-Wformat=-Wformat=]8;;[m[K]
[3.218s]   199 |     RCLCPP_INFO(this->get_logger(), [01;35m[K"Finished loading %d waypoints from %s"[m[K, num_waypoints, waypoints_path);
[3.218s]       |                                     [01;35m[K^~~~~~~~~~~~~~~~~~~~~~~~~~~~~~~~~~~~~~~[m[K
[3.218s] [01m[K/home/bentoaz/f1tenth_experimental_ws/src/pure_pursuit/src/pure_pursuit.cpp:199:74:[m[K [01;36m[Knote: [m[Kformat string is defined here
[3.218s]   199 | P_INFO(this->get_logger(), "Finished loading %d waypoints from [01;36m[K%s[m[K", num_waypoints, waypoints_path);
[3.218s]       |                                                                [01;36m[K~^[m[K
[3.218s]       |                                                                 [01;36m[K|[m[K
[3.218s]       |                                                                 [01;36m[Kchar*[m[K
[3.218s] 
[3.235s] [01m[K/home/bentoaz/f1tenth_experimental_ws/src/pure_pursuit/src/pure_pursuit.cpp:[m[K In member function â€˜[01m[Kvoid PurePursuit::odom_callback(nav_msgs::msg::Odometry_<std::allocator<void> >::ConstSharedPtr)[m[Kâ€™:
[3.235s] [01m[K/home/bentoaz/f1tenth_experimental_ws/src/pure_pursuit/src/pure_pursuit.cpp:398:9:[m[K [01;31m[Kerror: [m[Kcould not convert â€˜[01m[K((PurePursuit*)this)->PurePursuit::waypoints[m[Kâ€™ from â€˜[01m[KPurePursuit::csvFileData[m[Kâ€™ to â€˜[01m[Kbool[m[Kâ€™
[3.235s]   398 |     if ([01;31m[Kwaypoints[m[K){
[3.235s]       |         [01;31m[K^~~~~~~~~[m[K
[3.235s]       |         [01;31m[K|[m[K
[3.235s]       |         [01;31m[KPurePursuit::csvFileData[m[K
[5.797s] gmake[2]: *** [CMakeFiles/pure_pursuit.dir/build.make:76: CMakeFiles/pure_pursuit.dir/src/pure_pursuit.cpp.o] Error 1
[5.797s] gmake[1]: *** [CMakeFiles/Makefile2:139: CMakeFiles/pure_pursuit.dir/all] Error 2
[5.797s] gmake: *** [Makefile:146: all] Error 2
[5.799s] Invoked command in '/home/bentoaz/f1tenth_experimental_ws/build/pure_pursuit' returned '2': CMAKE_PREFIX_PATH=${CMAKE_PREFIX_PATH}:/home/bentoaz/f1tenth_experimental_ws/install/stanley_avoidance:/home/bentoaz/f1tenth_experimental_ws/install/particle_filter:/home/bentoaz/f1tenth_experimental_ws/install/local_planner:/home/bentoaz/f1tenth_gym_ros/install/f1tenth_gym_ros:/home/bentoaz/autoware/install/autoware_carla_interface:/home/bentoaz/autoware/install/ros2agnocast:/home/bentoaz/autoware/install/autoware_adapi_visualizers:/opt/ros/humble /usr/bin/cmake --build /home/bentoaz/f1tenth_experimental_ws/build/pure_pursuit -- -j16 -l16
