[35m[1mConsolidate compiler generated dependencies of target pure_pursuit[0m
[ 50%] Built target waypoint_visualizer
[ 75%] [32mBuilding CXX object CMakeFiles/pure_pursuit.dir/src/pure_pursuit.cpp.o[0m
[01m[K/home/bentoaz/f1tenth_experimental_ws/src/pure_pursuit/src/pure_pursuit.cpp:[m[K In constructor â€˜[01m[KPurePursuit::PurePursuit()[m[Kâ€™:
[01m[K/home/bentoaz/f1tenth_experimental_ws/src/pure_pursuit/src/pure_pursuit.cpp:95:147:[m[K [01;31m[Kerror: [m[Kexpected â€˜[01m[K)[m[Kâ€™ before â€˜[01m[K;[m[Kâ€™ token
   95 | his->create_subscription<std_msgs::msg::Bool>[34m[K([m[K"/pause_state", rclcpp::QoS(10), std::bind(&PurePursuit::pause_callback, this, _1)[01;31m[K;[m[K
      |                                              [34m[K~[m[K                                                                                  [01;31m[K^[m[K
      |                                                                                                                                 [32m[K)[m[K
In file included from [01m[K/opt/ros/humble/include/rclcpp/rclcpp/logging.hpp:24[m[K,
                 from [01m[K/opt/ros/humble/include/rclcpp/rclcpp/client.hpp:40[m[K,
                 from [01m[K/opt/ros/humble/include/rclcpp/rclcpp/callback_group.hpp:24[m[K,
                 from [01m[K/opt/ros/humble/include/rclcpp/rclcpp/any_executable.hpp:20[m[K,
                 from [01m[K/opt/ros/humble/include/rclcpp/rclcpp/memory_strategy.hpp:25[m[K,
                 from [01m[K/opt/ros/humble/include/rclcpp/rclcpp/memory_strategies.hpp:18[m[K,
                 from [01m[K/opt/ros/humble/include/rclcpp/rclcpp/executor_options.hpp:20[m[K,
                 from [01m[K/opt/ros/humble/include/rclcpp/rclcpp/executor.hpp:37[m[K,
                 from [01m[K/opt/ros/humble/include/rclcpp/rclcpp/executors/multi_threaded_executor.hpp:25[m[K,
                 from [01m[K/opt/ros/humble/include/rclcpp/rclcpp/executors.hpp:21[m[K,
                 from [01m[K/opt/ros/humble/include/rclcpp/rclcpp/rclcpp.hpp:155[m[K,
                 from [01m[K/opt/ros/humble/include/tf2_ros/tf2_ros/buffer_interface.h:48[m[K,
                 from [01m[K/opt/ros/humble/include/tf2_ros/tf2_ros/buffer.h:42[m[K,
                 from [01m[K/home/bentoaz/f1tenth_experimental_ws/src/pure_pursuit/include/pure_pursuit.hpp:6[m[K,
                 from [01m[K/home/bentoaz/f1tenth_experimental_ws/src/pure_pursuit/src/pure_pursuit.cpp:1[m[K:
[01m[K/home/bentoaz/f1tenth_experimental_ws/src/pure_pursuit/src/pure_pursuit.cpp:[m[K In member function â€˜[01m[Kvoid PurePursuit::selected_waypoints_callback(nav_msgs::msg::Path_<std::allocator<void> >::SharedPtr)[m[Kâ€™:
[01m[K/home/bentoaz/f1tenth_experimental_ws/src/pure_pursuit/src/pure_pursuit.cpp:150:37:[m[K [01;35m[Kwarning: [m[Kformat â€˜[01m[K%zu[m[Kâ€™ expects argument of type â€˜[01m[Ksize_t[m[Kâ€™, but argument 5 has type â€˜[01m[Kint[m[Kâ€™ [[01;35m[K]8;;https://gcc.gnu.org/onlinedocs/gcc/Warning-Options.html#index-Wformat=-Wformat=]8;;[m[K]
  150 |     RCLCPP_INFO(this->get_logger(), [01;35m[K"Finished loading %zu waypoints from Path message"[m[K, [32m[Knum_waypoints[m[K);
      |                                     [01;35m[K^~~~~~~~~~~~~~~~~~~~~~~~~~~~~~~~~~~~~~~~~~~~~~~~~~[m[K  [32m[K~~~~~~~~~~~~~[m[K
      |                                                                                         [32m[K|[m[K
      |                                                                                         [32m[Kint[m[K
[01m[K/home/bentoaz/f1tenth_experimental_ws/src/pure_pursuit/src/pure_pursuit.cpp:150:57:[m[K [01;36m[Knote: [m[Kformat string is defined here
  150 |     RCLCPP_INFO(this->get_logger(), "Finished loading [01;36m[K%zu[m[K waypoints from Path message", num_waypoints);
      |                                                       [01;36m[K~~^[m[K
      |                                                         [01;36m[K|[m[K
      |                                                         [01;36m[Klong unsigned int[m[K
      |                                                       [32m[K%u[m[K
[01m[K/home/bentoaz/f1tenth_experimental_ws/src/pure_pursuit/src/pure_pursuit.cpp:155:30:[m[K [01;35m[Kwarning: [m[Kcomparison of integer expressions of different signedness: â€˜[01m[Ksize_t[m[Kâ€™ {aka â€˜[01m[Klong unsigned int[m[Kâ€™} and â€˜[01m[Kint[m[Kâ€™ [[01;35m[K]8;;https://gcc.gnu.org/onlinedocs/gcc/Warning-Options.html#index-Wsign-compare-Wsign-compare]8;;[m[K]
  155 |         for (size_t i = 0; [01;35m[Ki < num_waypoints - 1[m[K; i++) {
      |                            [01;35m[K~~^~~~~~~~~~~~~~~~~~~[m[K
In file included from [01m[K/opt/ros/humble/include/rclcpp/rclcpp/logging.hpp:24[m[K,
                 from [01m[K/opt/ros/humble/include/rclcpp/rclcpp/client.hpp:40[m[K,
                 from [01m[K/opt/ros/humble/include/rclcpp/rclcpp/callback_group.hpp:24[m[K,
                 from [01m[K/opt/ros/humble/include/rclcpp/rclcpp/any_executable.hpp:20[m[K,
                 from [01m[K/opt/ros/humble/include/rclcpp/rclcpp/memory_strategy.hpp:25[m[K,
                 from [01m[K/opt/ros/humble/include/rclcpp/rclcpp/memory_strategies.hpp:18[m[K,
                 from [01m[K/opt/ros/humble/include/rclcpp/rclcpp/executor_options.hpp:20[m[K,
                 from [01m[K/opt/ros/humble/include/rclcpp/rclcpp/executor.hpp:37[m[K,
                 from [01m[K/opt/ros/humble/include/rclcpp/rclcpp/executors/multi_threaded_executor.hpp:25[m[K,
                 from [01m[K/opt/ros/humble/include/rclcpp/rclcpp/executors.hpp:21[m[K,
                 from [01m[K/opt/ros/humble/include/rclcpp/rclcpp/rclcpp.hpp:155[m[K,
                 from [01m[K/opt/ros/humble/include/tf2_ros/tf2_ros/buffer_interface.h:48[m[K,
                 from [01m[K/opt/ros/humble/include/tf2_ros/tf2_ros/buffer.h:42[m[K,
                 from [01m[K/home/bentoaz/f1tenth_experimental_ws/src/pure_pursuit/include/pure_pursuit.hpp:6[m[K,
                 from [01m[K/home/bentoaz/f1tenth_experimental_ws/src/pure_pursuit/src/pure_pursuit.cpp:1[m[K:
[01m[K/home/bentoaz/f1tenth_experimental_ws/src/pure_pursuit/src/pure_pursuit.cpp:[m[K In member function â€˜[01m[Kvoid PurePursuit::load_waypoints()[m[Kâ€™:
[01m[K/home/bentoaz/f1tenth_experimental_ws/src/pure_pursuit/src/pure_pursuit.cpp:196:42:[m[K [01;35m[Kwarning: [m[Ktoo many arguments for format [[01;35m[K]8;;https://gcc.gnu.org/onlinedocs/gcc/Warning-Options.html#index-Wformat-extra-args-Wformat-extra-args]8;;[m[K]
  196 |         RCLCPP_ERROR(this->get_logger(), [01;35m[K"Cannot Open CSV File: "[m[K, waypoints_path.c_str());
      |                                          [01;35m[K^~~~~~~~~~~~~~~~~~~~~~~~[m[K
[01m[K/home/bentoaz/f1tenth_experimental_ws/src/pure_pursuit/src/pure_pursuit.cpp:226:37:[m[K [01;35m[Kwarning: [m[Kformat â€˜[01m[K%s[m[Kâ€™ expects argument of type â€˜[01m[Kchar*[m[Kâ€™, but argument 6 has type â€˜[01m[Kstd::string[m[Kâ€™ {aka â€˜[01m[Kstd::__cxx11::basic_string<char>[m[Kâ€™} [[01;35m[K]8;;https://gcc.gnu.org/onlinedocs/gcc/Warning-Options.html#index-Wformat=-Wformat=]8;;[m[K]
  226 |     RCLCPP_INFO(this->get_logger(), [01;35m[K"Finished loading %d waypoints from %s"[m[K, num_waypoints, waypoints_path);
      |                                     [01;35m[K^~~~~~~~~~~~~~~~~~~~~~~~~~~~~~~~~~~~~~~[m[K
[01m[K/home/bentoaz/f1tenth_experimental_ws/src/pure_pursuit/src/pure_pursuit.cpp:226:74:[m[K [01;36m[Knote: [m[Kformat string is defined here
  226 |     RCLCPP_INFO(this->get_logger(), "Finished loading %d waypoints from [01;36m[K%s[m[K", num_waypoints, waypoints_path);
      |                                                                         [01;36m[K~^[m[K
      |                                                                          [01;36m[K|[m[K
      |                                                                          [01;36m[Kchar*[m[K
gmake[2]: *** [CMakeFiles/pure_pursuit.dir/build.make:76: CMakeFiles/pure_pursuit.dir/src/pure_pursuit.cpp.o] Error 1
gmake[1]: *** [CMakeFiles/Makefile2:139: CMakeFiles/pure_pursuit.dir/all] Error 2
gmake: *** [Makefile:146: all] Error 2
